#
# There is insufficient memory for the Java Runtime Environment to continue.
# Native memory allocation (malloc) failed to allocate 1853456 bytes. Error detail: Chunk::new
# Possible reasons:
#   The system is out of physical RAM or swap space
#   This process is running with CompressedOops enabled, and the Java Heap may be blocking the growth of the native heap
# Possible solutions:
#   Reduce memory load on the system
#   Increase physical memory or swap space
#   Check if swap backing store is full
#   Decrease Java heap size (-Xmx/-Xms)
#   Decrease number of Java threads
#   Decrease Java thread stack sizes (-Xss)
#   Set larger code cache with -XX:ReservedCodeCacheSize=
#   JVM is running with Unscaled Compressed Oops mode in which the Java heap is
#     placed in the first 4GB address space. The Java Heap base address is the
#     maximum limit for the native heap growth. Please use -XX:HeapBaseMinAddress
#     to set the Java Heap base and to place the Java Heap above 4GB virtual address.
# This output file may be truncated or incomplete.
#
#  Out of Memory Error (arena.cpp:191), pid=10424, tid=9936
#
# JRE version: OpenJDK Runtime Environment (17.0.11) (build 17.0.11+0--11852314)
# Java VM: OpenJDK 64-Bit Server VM (17.0.11+0--11852314, mixed mode, tiered, compressed oops, compressed class ptrs, g1 gc, windows-amd64)
# No core dump will be written. Minidumps are not enabled by default on client versions of Windows
#

---------------  S U M M A R Y ------------

Command Line: --add-opens=java.base/java.util=ALL-UNNAMED --add-opens=java.base/java.lang=ALL-UNNAMED --add-opens=java.base/java.lang.invoke=ALL-UNNAMED --add-opens=java.prefs/java.util.prefs=ALL-UNNAMED --add-opens=java.base/java.nio.charset=ALL-UNNAMED --add-opens=java.base/java.net=ALL-UNNAMED --add-opens=java.base/java.util.concurrent.atomic=ALL-UNNAMED -Xmx2048m -Dfile.encoding=UTF-8 -Duser.country=ES -Duser.language=es -Duser.variant -javaagent:C:\Users\franc\.gradle\wrapper\dists\gradle-8.7-bin\bhs2wmbdwecv87pi65oeuq5iu\gradle-8.7\lib\agents\gradle-instrumentation-agent-8.7.jar org.gradle.launcher.daemon.bootstrap.GradleDaemon 8.7

Host: 11th Gen Intel(R) Core(TM) i7-1165G7 @ 2.80GHz, 8 cores, 15G,  Windows 10 , 64 bit Build 19041 (10.0.19041.5072)
Time: Sat Nov 16 20:33:12 2024 Hora estándar romance elapsed time: 17.159377 seconds (0d 0h 0m 17s)

---------------  T H R E A D  ---------------

Current thread (0x000001e8166445c0):  JavaThread "C2 CompilerThread0" daemon [_thread_in_native, id=9936, stack(0x00000067c7f00000,0x00000067c8000000)]


Current CompileTask:
C2:  17159 6150       4       groovyjarjarantlr4.v4.runtime.atn.PredictionContext::getCachedContext (297 bytes)

Stack: [0x00000067c7f00000,0x00000067c8000000]
Native frames: (J=compiled Java code, j=interpreted, Vv=VM code, C=native code)
V  [jvm.dll+0x687bb9]
V  [jvm.dll+0x84142a]
V  [jvm.dll+0x8430ae]
V  [jvm.dll+0x843713]
V  [jvm.dll+0x24a35f]
V  [jvm.dll+0xac544]
V  [jvm.dll+0xacb8c]
V  [jvm.dll+0x369be2]
V  [jvm.dll+0x33416a]
V  [jvm.dll+0x33360a]
V  [jvm.dll+0x21bed1]
V  [jvm.dll+0x21b311]
V  [jvm.dll+0x1a63ed]
V  [jvm.dll+0x22b1ee]
V  [jvm.dll+0x229375]
V  [jvm.dll+0x7f5647]
V  [jvm.dll+0x7efa4a]
V  [jvm.dll+0x686a35]
C  [ucrtbase.dll+0x21bb2]
C  [KERNEL32.DLL+0x17374]
C  [ntdll.dll+0x4cc91]


---------------  P R O C E S S  ---------------

Threads class SMR info:
_java_thread_list=0x000001e81d15f6f0, length=49, elements={
0x000001e87c53fb20, 0x000001e8165f7950, 0x000001e8165f8560, 0x000001e81663e010,
0x000001e816640600, 0x000001e816642ee0, 0x000001e8166439c0, 0x000001e8166445c0,
0x000001e816645390, 0x000001e816671710, 0x000001e8167d86f0, 0x000001e8168a64a0,
0x000001e81cc3d9e0, 0x000001e81c5fe490, 0x000001e81c7ee050, 0x000001e81ca093a0,
0x000001e81cd9e340, 0x000001e81c4bc5d0, 0x000001e81c4bcae0, 0x000001e81c4bcff0,
0x000001e81c4bd500, 0x000001e81c4be940, 0x000001e81c4bee50, 0x000001e81c4bdf20,
0x000001e81c4be430, 0x000001e81c4bf870, 0x000001e81c4bc0c0, 0x000001e81dc96640,
0x000001e81dc993d0, 0x000001e81dc984a0, 0x000001e81dc9b740, 0x000001e81dc96b50,
0x000001e81dc97570, 0x000001e81dc998e0, 0x000001e81dc9b230, 0x000001e81dc947e0,
0x000001e81dc99df0, 0x000001e81dc9bc50, 0x000001e81dc9a300, 0x000001e81dc95200,
0x000001e81dc97f90, 0x000001e81dc98ec0, 0x000001e81dc989b0, 0x000001e81dc95710,
0x000001e81dc95c20, 0x000001e81dc9ad20, 0x000001e81dc9c160, 0x000001e81dc94cf0,
0x000001e81dc96130
}

Java Threads: ( => current thread )
  0x000001e87c53fb20 JavaThread "main" [_thread_blocked, id=1292, stack(0x00000067c7200000,0x00000067c7300000)]
  0x000001e8165f7950 JavaThread "Reference Handler" daemon [_thread_blocked, id=1840, stack(0x00000067c7900000,0x00000067c7a00000)]
  0x000001e8165f8560 JavaThread "Finalizer" daemon [_thread_blocked, id=4192, stack(0x00000067c7a00000,0x00000067c7b00000)]
  0x000001e81663e010 JavaThread "Signal Dispatcher" daemon [_thread_blocked, id=10388, stack(0x00000067c7b00000,0x00000067c7c00000)]
  0x000001e816640600 JavaThread "Attach Listener" daemon [_thread_blocked, id=6876, stack(0x00000067c7c00000,0x00000067c7d00000)]
  0x000001e816642ee0 JavaThread "Service Thread" daemon [_thread_blocked, id=12696, stack(0x00000067c7d00000,0x00000067c7e00000)]
  0x000001e8166439c0 JavaThread "Monitor Deflation Thread" daemon [_thread_blocked, id=14276, stack(0x00000067c7e00000,0x00000067c7f00000)]
=>0x000001e8166445c0 JavaThread "C2 CompilerThread0" daemon [_thread_in_native, id=9936, stack(0x00000067c7f00000,0x00000067c8000000)]
  0x000001e816645390 JavaThread "C1 CompilerThread0" daemon [_thread_blocked, id=8752, stack(0x00000067c8000000,0x00000067c8100000)]
  0x000001e816671710 JavaThread "Sweeper thread" daemon [_thread_blocked, id=4100, stack(0x00000067c8100000,0x00000067c8200000)]
  0x000001e8167d86f0 JavaThread "Common-Cleaner" daemon [_thread_blocked, id=11192, stack(0x00000067c8200000,0x00000067c8300000)]
  0x000001e8168a64a0 JavaThread "Notification Thread" daemon [_thread_blocked, id=7556, stack(0x00000067c8300000,0x00000067c8400000)]
  0x000001e81cc3d9e0 JavaThread "Daemon health stats" [_thread_blocked, id=12604, stack(0x00000067c8a00000,0x00000067c8b00000)]
  0x000001e81c5fe490 JavaThread "Incoming local TCP Connector on port 54731" [_thread_in_native, id=5956, stack(0x00000067c8b00000,0x00000067c8c00000)]
  0x000001e81c7ee050 JavaThread "Daemon periodic checks" [_thread_blocked, id=14476, stack(0x00000067c8c00000,0x00000067c8d00000)]
  0x000001e81ca093a0 JavaThread "Daemon" [_thread_blocked, id=13688, stack(0x00000067c8d00000,0x00000067c8e00000)]
  0x000001e81cd9e340 JavaThread "Handler for socket connection from /127.0.0.1:54731 to /127.0.0.1:54732" [_thread_in_native, id=14676, stack(0x00000067c8e00000,0x00000067c8f00000)]
  0x000001e81c4bc5d0 JavaThread "Cancel handler" [_thread_blocked, id=10080, stack(0x00000067c8f00000,0x00000067c9000000)]
  0x000001e81c4bcae0 JavaThread "Daemon worker" [_thread_blocked, id=11776, stack(0x00000067c9000000,0x00000067c9100000)]
  0x000001e81c4bcff0 JavaThread "Asynchronous log dispatcher for DefaultDaemonConnection: socket connection from /127.0.0.1:54731 to /127.0.0.1:54732" [_thread_blocked, id=2212, stack(0x00000067c9100000,0x00000067c9200000)]
  0x000001e81c4bd500 JavaThread "Stdin handler" [_thread_blocked, id=15512, stack(0x00000067c9200000,0x00000067c9300000)]
  0x000001e81c4be940 JavaThread "Daemon client event forwarder" [_thread_blocked, id=16760, stack(0x00000067c9300000,0x00000067c9400000)]
  0x000001e81c4bee50 JavaThread "Cache worker for journal cache (C:\Users\franc\.gradle\caches\journal-1)" [_thread_blocked, id=13068, stack(0x00000067c9700000,0x00000067c9800000)]
  0x000001e81c4bdf20 JavaThread "File lock request listener" [_thread_in_native, id=15504, stack(0x00000067c9800000,0x00000067c9900000)]
  0x000001e81c4be430 JavaThread "Cache worker for file hash cache (C:\Users\franc\.gradle\caches\8.7\fileHashes)" [_thread_blocked, id=15828, stack(0x00000067c9900000,0x00000067c9a00000)]
  0x000001e81c4bf870 JavaThread "Cache worker for file hash cache (C:\Users\franc\AndroidStudioProjects\PintiaTour\.gradle\8.7\fileHashes)" [_thread_blocked, id=4876, stack(0x00000067c9a00000,0x00000067c9b00000)]
  0x000001e81c4bc0c0 JavaThread "File watcher server" daemon [_thread_in_native, id=1940, stack(0x00000067c9b00000,0x00000067c9c00000)]
  0x000001e81dc96640 JavaThread "File watcher consumer" daemon [_thread_blocked, id=13256, stack(0x00000067c9c00000,0x00000067c9d00000)]
  0x000001e81dc993d0 JavaThread "jar transforms" [_thread_blocked, id=11400, stack(0x00000067c9d00000,0x00000067c9e00000)]
  0x000001e81dc984a0 JavaThread "jar transforms Thread 2" [_thread_blocked, id=1196, stack(0x00000067c9e00000,0x00000067c9f00000)]
  0x000001e81dc9b740 JavaThread "jar transforms Thread 3" [_thread_blocked, id=4048, stack(0x00000067c9f00000,0x00000067ca000000)]
  0x000001e81dc96b50 JavaThread "jar transforms Thread 4" [_thread_blocked, id=960, stack(0x00000067ca000000,0x00000067ca100000)]
  0x000001e81dc97570 JavaThread "jar transforms Thread 5" [_thread_blocked, id=14868, stack(0x00000067ca100000,0x00000067ca200000)]
  0x000001e81dc998e0 JavaThread "jar transforms Thread 6" [_thread_blocked, id=14604, stack(0x00000067ca200000,0x00000067ca300000)]
  0x000001e81dc9b230 JavaThread "jar transforms Thread 7" [_thread_blocked, id=9888, stack(0x00000067ca300000,0x00000067ca400000)]
  0x000001e81dc947e0 JavaThread "jar transforms Thread 8" [_thread_blocked, id=13904, stack(0x00000067ca400000,0x00000067ca500000)]
  0x000001e81dc99df0 JavaThread "Cache worker for checksums cache (C:\Users\franc\AndroidStudioProjects\PintiaTour\.gradle\8.7\checksums)" [_thread_blocked, id=11288, stack(0x00000067ca500000,0x00000067ca600000)]
  0x000001e81dc9bc50 JavaThread "Cache worker for cache directory md-supplier (C:\Users\franc\.gradle\caches\8.7\md-supplier)" [_thread_blocked, id=10876, stack(0x00000067ca600000,0x00000067ca700000)]
  0x000001e81dc9a300 JavaThread "Cache worker for cache directory md-rule (C:\Users\franc\.gradle\caches\8.7\md-rule)" [_thread_blocked, id=17232, stack(0x00000067ca700000,0x00000067ca800000)]
  0x000001e81dc95200 JavaThread "Cache worker for file content cache (C:\Users\franc\.gradle\caches\8.7\fileContent)" [_thread_blocked, id=16660, stack(0x00000067ca800000,0x00000067ca900000)]
  0x000001e81dc97f90 JavaThread "Unconstrained build operations" [_thread_blocked, id=9196, stack(0x00000067ca900000,0x00000067caa00000)]
  0x000001e81dc98ec0 JavaThread "Unconstrained build operations Thread 2" [_thread_blocked, id=12708, stack(0x00000067caa00000,0x00000067cab00000)]
  0x000001e81dc989b0 JavaThread "Unconstrained build operations Thread 3" [_thread_blocked, id=16884, stack(0x00000067cab00000,0x00000067cac00000)]
  0x000001e81dc95710 JavaThread "Unconstrained build operations Thread 4" [_thread_in_Java, id=15528, stack(0x00000067cac00000,0x00000067cad00000)]
  0x000001e81dc95c20 JavaThread "Unconstrained build operations Thread 5" [_thread_blocked, id=7916, stack(0x00000067cad00000,0x00000067cae00000)]
  0x000001e81dc9ad20 JavaThread "Unconstrained build operations Thread 6" [_thread_blocked, id=16560, stack(0x00000067cae00000,0x00000067caf00000)]
  0x000001e81dc9c160 JavaThread "Unconstrained build operations Thread 7" [_thread_blocked, id=13988, stack(0x00000067caf00000,0x00000067cb000000)]
  0x000001e81dc94cf0 JavaThread "Unconstrained build operations Thread 8" [_thread_blocked, id=6824, stack(0x00000067cb000000,0x00000067cb100000)]
  0x000001e81dc96130 JavaThread "Unconstrained build operations Thread 9" [_thread_blocked, id=9104, stack(0x00000067cb100000,0x00000067cb200000)]

Other Threads:
  0x000001e8165f3930 VMThread "VM Thread" [stack: 0x00000067c7800000,0x00000067c7900000] [id=13108]
  0x000001e81b00b1f0 WatcherThread [stack: 0x00000067c8400000,0x00000067c8500000] [id=4272]
  0x000001e87c59bda0 GCTaskThread "GC Thread#0" [stack: 0x00000067c7300000,0x00000067c7400000] [id=10456]
  0x000001e81b8318b0 GCTaskThread "GC Thread#1" [stack: 0x00000067c8500000,0x00000067c8600000] [id=14212]
  0x000001e81b7574e0 GCTaskThread "GC Thread#2" [stack: 0x00000067c8600000,0x00000067c8700000] [id=14292]
  0x000001e81bba73b0 GCTaskThread "GC Thread#3" [stack: 0x00000067c8700000,0x00000067c8800000] [id=10836]
  0x000001e81b4945f0 GCTaskThread "GC Thread#4" [stack: 0x00000067c8800000,0x00000067c8900000] [id=11336]
  0x000001e81b494cc0 GCTaskThread "GC Thread#5" [stack: 0x00000067c8900000,0x00000067c8a00000] [id=1816]
  0x000001e81ccf76f0 GCTaskThread "GC Thread#6" [stack: 0x00000067c9400000,0x00000067c9500000] [id=5936]
  0x000001e81c4b3a80 GCTaskThread "GC Thread#7" [stack: 0x00000067c9500000,0x00000067c9600000] [id=9136]
  0x000001e87c5acc00 ConcurrentGCThread "G1 Main Marker" [stack: 0x00000067c7400000,0x00000067c7500000] [id=10412]
  0x000001e87c5ad530 ConcurrentGCThread "G1 Conc#0" [stack: 0x00000067c7500000,0x00000067c7600000] [id=8472]
  0x000001e81cda1d50 ConcurrentGCThread "G1 Conc#1" [stack: 0x00000067c9600000,0x00000067c9700000] [id=12364]
  0x000001e87c5fd8c0 ConcurrentGCThread "G1 Refine#0" [stack: 0x00000067c7600000,0x00000067c7700000] [id=12500]
  0x000001e81621ab00 ConcurrentGCThread "G1 Service" [stack: 0x00000067c7700000,0x00000067c7800000] [id=14456]

Threads with active compile tasks:
C2 CompilerThread0    17187 6150       4       groovyjarjarantlr4.v4.runtime.atn.PredictionContext::getCachedContext (297 bytes)

VM state: not at safepoint (normal execution)

VM Mutex/Monitor currently owned by a thread: None

Heap address: 0x0000000080000000, size: 2048 MB, Compressed Oops mode: 32-bit

CDS archive(s) not mapped
Compressed class space mapped at: 0x0000000100000000-0x0000000140000000, reserved size: 1073741824
Narrow klass base: 0x0000000000000000, Narrow klass shift: 3, Narrow klass range: 0x140000000

GC Precious Log:
 CPUs: 8 total, 8 available
 Memory: 16026M
 Large Page Support: Disabled
 NUMA Support: Disabled
 Compressed Oops: Enabled (32-bit)
 Heap Region Size: 1M
 Heap Min Capacity: 8M
 Heap Initial Capacity: 252M
 Heap Max Capacity: 2G
 Pre-touch: Disabled
 Parallel Workers: 8
 Concurrent Workers: 2
 Concurrent Refinement Workers: 8
 Periodic GC: Disabled

Heap:
 garbage-first heap   total 202752K, used 140333K [0x0000000080000000, 0x0000000100000000)
  region size 1024K, 74 young (75776K), 6 survivors (6144K)
 Metaspace       used 57889K, committed 58368K, reserved 1114112K
  class space    used 7806K, committed 8000K, reserved 1048576K

Heap Regions: E=young(eden), S=young(survivor), O=old, HS=humongous(starts), HC=humongous(continues), CS=collection set, F=free, OA=open archive, CA=closed archive, TAMS=top-at-mark-start (previous, next)
|   0|0x0000000080000000, 0x0000000080100000, 0x0000000080100000|100%|HS|  |TAMS 0x0000000080100000, 0x0000000080000000| Complete 
|   1|0x0000000080100000, 0x0000000080200000, 0x0000000080200000|100%|HC|  |TAMS 0x0000000080200000, 0x0000000080100000| Complete 
|   2|0x0000000080200000, 0x0000000080300000, 0x0000000080300000|100%|HC|  |TAMS 0x0000000080300000, 0x0000000080200000| Complete 
|   3|0x0000000080300000, 0x0000000080400000, 0x0000000080400000|100%|HC|  |TAMS 0x0000000080400000, 0x0000000080300000| Complete 
|   4|0x0000000080400000, 0x0000000080500000, 0x0000000080500000|100%| O|  |TAMS 0x0000000080500000, 0x0000000080400000| Untracked 
|   5|0x0000000080500000, 0x0000000080600000, 0x0000000080600000|100%| O|  |TAMS 0x0000000080600000, 0x0000000080500000| Untracked 
|   6|0x0000000080600000, 0x0000000080700000, 0x0000000080700000|100%| O|  |TAMS 0x0000000080700000, 0x0000000080600000| Untracked 
|   7|0x0000000080700000, 0x0000000080800000, 0x0000000080800000|100%| O|  |TAMS 0x0000000080800000, 0x0000000080700000| Untracked 
|   8|0x0000000080800000, 0x0000000080900000, 0x0000000080900000|100%| O|  |TAMS 0x0000000080900000, 0x0000000080800000| Untracked 
|   9|0x0000000080900000, 0x0000000080a00000, 0x0000000080a00000|100%| O|  |TAMS 0x0000000080a00000, 0x0000000080900000| Untracked 
|  10|0x0000000080a00000, 0x0000000080a7ca00, 0x0000000080b00000| 48%| O|  |TAMS 0x0000000080a7ca00, 0x0000000080a00000| Untracked 
|  11|0x0000000080b00000, 0x0000000080c00000, 0x0000000080c00000|100%| O|  |TAMS 0x0000000080c00000, 0x0000000080b00000| Untracked 
|  12|0x0000000080c00000, 0x0000000080d00000, 0x0000000080d00000|100%| O|  |TAMS 0x0000000080d00000, 0x0000000080c00000| Untracked 
|  13|0x0000000080d00000, 0x0000000080e00000, 0x0000000080e00000|100%| O|  |TAMS 0x0000000080e00000, 0x0000000080d00000| Untracked 
|  14|0x0000000080e00000, 0x0000000080f00000, 0x0000000080f00000|100%| O|  |TAMS 0x0000000080f00000, 0x0000000080e00000| Untracked 
|  15|0x0000000080f00000, 0x0000000081000000, 0x0000000081000000|100%| O|  |TAMS 0x0000000081000000, 0x0000000080f00000| Untracked 
|  16|0x0000000081000000, 0x0000000081100000, 0x0000000081100000|100%| O|  |TAMS 0x0000000081100000, 0x0000000081000000| Untracked 
|  17|0x0000000081100000, 0x0000000081200000, 0x0000000081200000|100%| O|  |TAMS 0x0000000081200000, 0x0000000081100000| Untracked 
|  18|0x0000000081200000, 0x0000000081300000, 0x0000000081300000|100%| O|  |TAMS 0x0000000081300000, 0x0000000081200000| Untracked 
|  19|0x0000000081300000, 0x0000000081400000, 0x0000000081400000|100%| O|  |TAMS 0x0000000081400000, 0x0000000081300000| Untracked 
|  20|0x0000000081400000, 0x0000000081500000, 0x0000000081500000|100%|HS|  |TAMS 0x0000000081500000, 0x0000000081400000| Complete 
|  21|0x0000000081500000, 0x0000000081600000, 0x0000000081600000|100%|HC|  |TAMS 0x0000000081600000, 0x0000000081500000| Complete 
|  22|0x0000000081600000, 0x0000000081700000, 0x0000000081700000|100%|HC|  |TAMS 0x0000000081700000, 0x0000000081600000| Complete 
|  23|0x0000000081700000, 0x0000000081800000, 0x0000000081800000|100%|HC|  |TAMS 0x0000000081800000, 0x0000000081700000| Complete 
|  24|0x0000000081800000, 0x0000000081900000, 0x0000000081900000|100%|HC|  |TAMS 0x0000000081900000, 0x0000000081800000| Complete 
|  25|0x0000000081900000, 0x0000000081a00000, 0x0000000081a00000|100%|HS|  |TAMS 0x0000000081a00000, 0x0000000081900000| Complete 
|  26|0x0000000081a00000, 0x0000000081b00000, 0x0000000081b00000|100%|HC|  |TAMS 0x0000000081b00000, 0x0000000081a00000| Complete 
|  27|0x0000000081b00000, 0x0000000081c00000, 0x0000000081c00000|100%|HC|  |TAMS 0x0000000081c00000, 0x0000000081b00000| Complete 
|  28|0x0000000081c00000, 0x0000000081d00000, 0x0000000081d00000|100%|HS|  |TAMS 0x0000000081d00000, 0x0000000081c00000| Complete 
|  29|0x0000000081d00000, 0x0000000081e00000, 0x0000000081e00000|100%|HC|  |TAMS 0x0000000081e00000, 0x0000000081d00000| Complete 
|  30|0x0000000081e00000, 0x0000000081f00000, 0x0000000081f00000|100%|HC|  |TAMS 0x0000000081f00000, 0x0000000081e00000| Complete 
|  31|0x0000000081f00000, 0x0000000082000000, 0x0000000082000000|100%| O|  |TAMS 0x0000000082000000, 0x0000000081f00000| Untracked 
|  32|0x0000000082000000, 0x0000000082100000, 0x0000000082100000|100%| O|  |TAMS 0x0000000082100000, 0x0000000082000000| Untracked 
|  33|0x0000000082100000, 0x0000000082200000, 0x0000000082200000|100%| O|  |TAMS 0x0000000082200000, 0x0000000082100000| Untracked 
|  34|0x0000000082200000, 0x0000000082300000, 0x0000000082300000|100%|HS|  |TAMS 0x0000000082300000, 0x0000000082200000| Complete 
|  35|0x0000000082300000, 0x0000000082400000, 0x0000000082400000|100%| O|  |TAMS 0x0000000082400000, 0x0000000082300000| Untracked 
|  36|0x0000000082400000, 0x0000000082500000, 0x0000000082500000|100%| O|  |TAMS 0x0000000082500000, 0x0000000082400000| Untracked 
|  37|0x0000000082500000, 0x0000000082600000, 0x0000000082600000|100%| O|  |TAMS 0x0000000082600000, 0x0000000082500000| Untracked 
|  38|0x0000000082600000, 0x0000000082700000, 0x0000000082700000|100%| O|  |TAMS 0x0000000082700000, 0x0000000082600000| Untracked 
|  39|0x0000000082700000, 0x0000000082800000, 0x0000000082800000|100%| O|  |TAMS 0x0000000082800000, 0x0000000082700000| Untracked 
|  40|0x0000000082800000, 0x0000000082900000, 0x0000000082900000|100%| O|  |TAMS 0x0000000082900000, 0x0000000082800000| Untracked 
|  41|0x0000000082900000, 0x0000000082a00000, 0x0000000082a00000|100%| O|  |TAMS 0x0000000082a00000, 0x0000000082900000| Untracked 
|  42|0x0000000082a00000, 0x0000000082b00000, 0x0000000082b00000|100%| O|  |TAMS 0x0000000082b00000, 0x0000000082a00000| Untracked 
|  43|0x0000000082b00000, 0x0000000082c00000, 0x0000000082c00000|100%| O|  |TAMS 0x0000000082c00000, 0x0000000082b00000| Untracked 
|  44|0x0000000082c00000, 0x0000000082d00000, 0x0000000082d00000|100%| O|  |TAMS 0x0000000082d00000, 0x0000000082c00000| Untracked 
|  45|0x0000000082d00000, 0x0000000082e00000, 0x0000000082e00000|100%| O|  |TAMS 0x0000000082e00000, 0x0000000082d00000| Untracked 
|  46|0x0000000082e00000, 0x0000000082f00000, 0x0000000082f00000|100%| O|  |TAMS 0x0000000082f00000, 0x0000000082e00000| Untracked 
|  47|0x0000000082f00000, 0x0000000083000000, 0x0000000083000000|100%| O|  |TAMS 0x0000000083000000, 0x0000000082f00000| Untracked 
|  48|0x0000000083000000, 0x0000000083100000, 0x0000000083100000|100%| O|  |TAMS 0x0000000083100000, 0x0000000083000000| Untracked 
|  49|0x0000000083100000, 0x0000000083200000, 0x0000000083200000|100%| O|  |TAMS 0x0000000083100000, 0x0000000083100000| Untracked 
|  50|0x0000000083200000, 0x0000000083300000, 0x0000000083300000|100%| O|  |TAMS 0x0000000083200000, 0x0000000083200000| Untracked 
|  51|0x0000000083300000, 0x000000008331e000, 0x0000000083400000| 11%| O|  |TAMS 0x0000000083300000, 0x0000000083300000| Untracked 
|  52|0x0000000083400000, 0x0000000083500000, 0x0000000083500000|100%| O|  |TAMS 0x0000000083400000, 0x0000000083400000| Untracked 
|  53|0x0000000083500000, 0x0000000083600000, 0x0000000083600000|100%| O|  |TAMS 0x0000000083500000, 0x0000000083500000| Untracked 
|  54|0x0000000083600000, 0x0000000083700000, 0x0000000083700000|100%| O|  |TAMS 0x0000000083700000, 0x0000000083600000| Untracked 
|  55|0x0000000083700000, 0x0000000083800000, 0x0000000083800000|100%| O|  |TAMS 0x0000000083800000, 0x0000000083700000| Untracked 
|  56|0x0000000083800000, 0x0000000083900000, 0x0000000083900000|100%| O|  |TAMS 0x0000000083863800, 0x0000000083800000| Untracked 
|  57|0x0000000083900000, 0x0000000083a00000, 0x0000000083a00000|100%| O|  |TAMS 0x0000000083900000, 0x0000000083900000| Untracked 
|  58|0x0000000083a00000, 0x0000000083b00000, 0x0000000083b00000|100%|HS|  |TAMS 0x0000000083a00000, 0x0000000083a00000| Complete 
|  59|0x0000000083b00000, 0x0000000083c00000, 0x0000000083c00000|100%|HC|  |TAMS 0x0000000083b00000, 0x0000000083b00000| Complete 
|  60|0x0000000083c00000, 0x0000000083d00000, 0x0000000083d00000|100%|HC|  |TAMS 0x0000000083c00000, 0x0000000083c00000| Complete 
|  61|0x0000000083d00000, 0x0000000083e00000, 0x0000000083e00000|100%|HS|  |TAMS 0x0000000083d00000, 0x0000000083d00000| Complete 
|  62|0x0000000083e00000, 0x0000000083f00000, 0x0000000083f00000|100%|HC|  |TAMS 0x0000000083e00000, 0x0000000083e00000| Complete 
|  63|0x0000000083f00000, 0x0000000084000000, 0x0000000084000000|100%|HC|  |TAMS 0x0000000083f00000, 0x0000000083f00000| Complete 
|  64|0x0000000084000000, 0x0000000084100000, 0x0000000084100000|100%|HC|  |TAMS 0x0000000084000000, 0x0000000084000000| Complete 
|  65|0x0000000084100000, 0x0000000084200000, 0x0000000084200000|100%|HC|  |TAMS 0x0000000084100000, 0x0000000084100000| Complete 
|  66|0x0000000084200000, 0x0000000084200000, 0x0000000084300000|  0%| F|  |TAMS 0x0000000084200000, 0x0000000084200000| Untracked 
|  67|0x0000000084300000, 0x0000000084300000, 0x0000000084400000|  0%| F|  |TAMS 0x0000000084300000, 0x0000000084300000| Untracked 
|  68|0x0000000084400000, 0x0000000084400000, 0x0000000084500000|  0%| F|  |TAMS 0x0000000084400000, 0x0000000084400000| Untracked 
|  69|0x0000000084500000, 0x0000000084500000, 0x0000000084600000|  0%| F|  |TAMS 0x0000000084500000, 0x0000000084500000| Untracked 
|  70|0x0000000084600000, 0x0000000084600000, 0x0000000084700000|  0%| F|  |TAMS 0x0000000084600000, 0x0000000084600000| Untracked 
|  71|0x0000000084700000, 0x0000000084700000, 0x0000000084800000|  0%| F|  |TAMS 0x0000000084700000, 0x0000000084700000| Untracked 
|  72|0x0000000084800000, 0x0000000084800000, 0x0000000084900000|  0%| F|  |TAMS 0x0000000084800000, 0x0000000084800000| Untracked 
|  73|0x0000000084900000, 0x0000000084900000, 0x0000000084a00000|  0%| F|  |TAMS 0x0000000084900000, 0x0000000084900000| Untracked 
|  74|0x0000000084a00000, 0x0000000084a00000, 0x0000000084b00000|  0%| F|  |TAMS 0x0000000084a00000, 0x0000000084a00000| Untracked 
|  75|0x0000000084b00000, 0x0000000084b00000, 0x0000000084c00000|  0%| F|  |TAMS 0x0000000084b00000, 0x0000000084b00000| Untracked 
|  76|0x0000000084c00000, 0x0000000084c00000, 0x0000000084d00000|  0%| F|  |TAMS 0x0000000084c00000, 0x0000000084c00000| Untracked 
|  77|0x0000000084d00000, 0x0000000084d00000, 0x0000000084e00000|  0%| F|  |TAMS 0x0000000084d00000, 0x0000000084d00000| Untracked 
|  78|0x0000000084e00000, 0x0000000084e00000, 0x0000000084f00000|  0%| F|  |TAMS 0x0000000084e00000, 0x0000000084e00000| Untracked 
|  79|0x0000000084f00000, 0x0000000084f00000, 0x0000000085000000|  0%| F|  |TAMS 0x0000000084f00000, 0x0000000084f00000| Untracked 
|  80|0x0000000085000000, 0x0000000085000000, 0x0000000085100000|  0%| F|  |TAMS 0x0000000085000000, 0x0000000085000000| Untracked 
|  81|0x0000000085100000, 0x0000000085100000, 0x0000000085200000|  0%| F|  |TAMS 0x0000000085100000, 0x0000000085100000| Untracked 
|  82|0x0000000085200000, 0x0000000085200000, 0x0000000085300000|  0%| F|  |TAMS 0x0000000085200000, 0x0000000085200000| Untracked 
|  83|0x0000000085300000, 0x0000000085300000, 0x0000000085400000|  0%| F|  |TAMS 0x0000000085300000, 0x0000000085300000| Untracked 
|  84|0x0000000085400000, 0x0000000085400000, 0x0000000085500000|  0%| F|  |TAMS 0x0000000085400000, 0x0000000085400000| Untracked 
|  85|0x0000000085500000, 0x0000000085500000, 0x0000000085600000|  0%| F|  |TAMS 0x0000000085500000, 0x0000000085500000| Untracked 
|  86|0x0000000085600000, 0x0000000085600000, 0x0000000085700000|  0%| F|  |TAMS 0x0000000085600000, 0x0000000085600000| Untracked 
|  87|0x0000000085700000, 0x0000000085700000, 0x0000000085800000|  0%| F|  |TAMS 0x0000000085700000, 0x0000000085700000| Untracked 
|  88|0x0000000085800000, 0x0000000085800000, 0x0000000085900000|  0%| F|  |TAMS 0x0000000085800000, 0x0000000085800000| Untracked 
|  89|0x0000000085900000, 0x0000000085900000, 0x0000000085a00000|  0%| F|  |TAMS 0x0000000085900000, 0x0000000085900000| Untracked 
|  90|0x0000000085a00000, 0x0000000085a00000, 0x0000000085b00000|  0%| F|  |TAMS 0x0000000085a00000, 0x0000000085a00000| Untracked 
|  91|0x0000000085b00000, 0x0000000085b00000, 0x0000000085c00000|  0%| F|  |TAMS 0x0000000085b00000, 0x0000000085b00000| Untracked 
|  92|0x0000000085c00000, 0x0000000085c00000, 0x0000000085d00000|  0%| F|  |TAMS 0x0000000085c00000, 0x0000000085c00000| Untracked 
|  93|0x0000000085d00000, 0x0000000085d00000, 0x0000000085e00000|  0%| F|  |TAMS 0x0000000085d00000, 0x0000000085d00000| Untracked 
|  94|0x0000000085e00000, 0x0000000085e00000, 0x0000000085f00000|  0%| F|  |TAMS 0x0000000085e00000, 0x0000000085e00000| Untracked 
|  95|0x0000000085f00000, 0x0000000085f70b78, 0x0000000086000000| 44%| S|CS|TAMS 0x0000000085f00000, 0x0000000085f00000| Complete 
|  96|0x0000000086000000, 0x0000000086100000, 0x0000000086100000|100%| S|CS|TAMS 0x0000000086000000, 0x0000000086000000| Complete 
|  97|0x0000000086100000, 0x0000000086200000, 0x0000000086200000|100%| S|CS|TAMS 0x0000000086100000, 0x0000000086100000| Complete 
|  98|0x0000000086200000, 0x0000000086300000, 0x0000000086300000|100%| S|CS|TAMS 0x0000000086200000, 0x0000000086200000| Complete 
|  99|0x0000000086300000, 0x0000000086400000, 0x0000000086400000|100%| S|CS|TAMS 0x0000000086300000, 0x0000000086300000| Complete 
| 100|0x0000000086400000, 0x0000000086500000, 0x0000000086500000|100%| S|CS|TAMS 0x0000000086400000, 0x0000000086400000| Complete 
| 101|0x0000000086500000, 0x0000000086500000, 0x0000000086600000|  0%| F|  |TAMS 0x0000000086500000, 0x0000000086500000| Untracked 
| 102|0x0000000086600000, 0x0000000086600000, 0x0000000086700000|  0%| F|  |TAMS 0x0000000086600000, 0x0000000086600000| Untracked 
| 103|0x0000000086700000, 0x0000000086700000, 0x0000000086800000|  0%| F|  |TAMS 0x0000000086700000, 0x0000000086700000| Untracked 
| 104|0x0000000086800000, 0x0000000086800000, 0x0000000086900000|  0%| F|  |TAMS 0x0000000086800000, 0x0000000086800000| Untracked 
| 105|0x0000000086900000, 0x0000000086900000, 0x0000000086a00000|  0%| F|  |TAMS 0x0000000086900000, 0x0000000086900000| Untracked 
| 106|0x0000000086a00000, 0x0000000086a00000, 0x0000000086b00000|  0%| F|  |TAMS 0x0000000086a00000, 0x0000000086a00000| Untracked 
| 107|0x0000000086b00000, 0x0000000086b00000, 0x0000000086c00000|  0%| F|  |TAMS 0x0000000086b00000, 0x0000000086b00000| Untracked 
| 108|0x0000000086c00000, 0x0000000086c00000, 0x0000000086d00000|  0%| F|  |TAMS 0x0000000086c00000, 0x0000000086c00000| Untracked 
| 109|0x0000000086d00000, 0x0000000086d00000, 0x0000000086e00000|  0%| F|  |TAMS 0x0000000086d00000, 0x0000000086d00000| Untracked 
| 110|0x0000000086e00000, 0x0000000086e00000, 0x0000000086f00000|  0%| F|  |TAMS 0x0000000086e00000, 0x0000000086e00000| Untracked 
| 111|0x0000000086f00000, 0x0000000086f00000, 0x0000000087000000|  0%| F|  |TAMS 0x0000000086f00000, 0x0000000086f00000| Untracked 
| 112|0x0000000087000000, 0x0000000087000000, 0x0000000087100000|  0%| F|  |TAMS 0x0000000087000000, 0x0000000087000000| Untracked 
| 113|0x0000000087100000, 0x0000000087100000, 0x0000000087200000|  0%| F|  |TAMS 0x0000000087100000, 0x0000000087100000| Untracked 
| 114|0x0000000087200000, 0x0000000087200000, 0x0000000087300000|  0%| F|  |TAMS 0x0000000087200000, 0x0000000087200000| Untracked 
| 115|0x0000000087300000, 0x0000000087300000, 0x0000000087400000|  0%| F|  |TAMS 0x0000000087300000, 0x0000000087300000| Untracked 
| 116|0x0000000087400000, 0x0000000087400000, 0x0000000087500000|  0%| F|  |TAMS 0x0000000087400000, 0x0000000087400000| Untracked 
| 117|0x0000000087500000, 0x0000000087500000, 0x0000000087600000|  0%| F|  |TAMS 0x0000000087500000, 0x0000000087500000| Untracked 
| 118|0x0000000087600000, 0x0000000087600000, 0x0000000087700000|  0%| F|  |TAMS 0x0000000087600000, 0x0000000087600000| Untracked 
| 119|0x0000000087700000, 0x0000000087700000, 0x0000000087800000|  0%| F|  |TAMS 0x0000000087700000, 0x0000000087700000| Untracked 
| 120|0x0000000087800000, 0x0000000087800000, 0x0000000087900000|  0%| F|  |TAMS 0x0000000087800000, 0x0000000087800000| Untracked 
| 121|0x0000000087900000, 0x0000000087900000, 0x0000000087a00000|  0%| F|  |TAMS 0x0000000087900000, 0x0000000087900000| Untracked 
| 122|0x0000000087a00000, 0x0000000087a00000, 0x0000000087b00000|  0%| F|  |TAMS 0x0000000087a00000, 0x0000000087a00000| Untracked 
| 123|0x0000000087b00000, 0x0000000087b00000, 0x0000000087c00000|  0%| F|  |TAMS 0x0000000087b00000, 0x0000000087b00000| Untracked 
| 124|0x0000000087c00000, 0x0000000087c00000, 0x0000000087d00000|  0%| F|  |TAMS 0x0000000087c00000, 0x0000000087c00000| Untracked 
| 125|0x0000000087d00000, 0x0000000087d00000, 0x0000000087e00000|  0%| F|  |TAMS 0x0000000087d00000, 0x0000000087d00000| Untracked 
| 126|0x0000000087e00000, 0x0000000087e00000, 0x0000000087f00000|  0%| F|  |TAMS 0x0000000087e00000, 0x0000000087e00000| Untracked 
| 127|0x0000000087f00000, 0x0000000087f00000, 0x0000000088000000|  0%| F|  |TAMS 0x0000000087f00000, 0x0000000087f00000| Untracked 
| 128|0x0000000088000000, 0x0000000088000000, 0x0000000088100000|  0%| F|  |TAMS 0x0000000088000000, 0x0000000088000000| Untracked 
| 129|0x0000000088100000, 0x0000000088200000, 0x0000000088200000|100%| E|  |TAMS 0x0000000088100000, 0x0000000088100000| Complete 
| 130|0x0000000088200000, 0x0000000088300000, 0x0000000088300000|100%| E|CS|TAMS 0x0000000088200000, 0x0000000088200000| Complete 
| 131|0x0000000088300000, 0x0000000088400000, 0x0000000088400000|100%| E|CS|TAMS 0x0000000088300000, 0x0000000088300000| Complete 
| 132|0x0000000088400000, 0x0000000088500000, 0x0000000088500000|100%| E|CS|TAMS 0x0000000088400000, 0x0000000088400000| Complete 
| 133|0x0000000088500000, 0x0000000088600000, 0x0000000088600000|100%| E|CS|TAMS 0x0000000088500000, 0x0000000088500000| Complete 
| 134|0x0000000088600000, 0x0000000088700000, 0x0000000088700000|100%| E|CS|TAMS 0x0000000088600000, 0x0000000088600000| Complete 
| 135|0x0000000088700000, 0x0000000088800000, 0x0000000088800000|100%| E|CS|TAMS 0x0000000088700000, 0x0000000088700000| Complete 
| 136|0x0000000088800000, 0x0000000088900000, 0x0000000088900000|100%| E|CS|TAMS 0x0000000088800000, 0x0000000088800000| Complete 
| 137|0x0000000088900000, 0x0000000088a00000, 0x0000000088a00000|100%| E|CS|TAMS 0x0000000088900000, 0x0000000088900000| Complete 
| 138|0x0000000088a00000, 0x0000000088b00000, 0x0000000088b00000|100%| E|CS|TAMS 0x0000000088a00000, 0x0000000088a00000| Complete 
| 139|0x0000000088b00000, 0x0000000088c00000, 0x0000000088c00000|100%| E|CS|TAMS 0x0000000088b00000, 0x0000000088b00000| Complete 
| 140|0x0000000088c00000, 0x0000000088d00000, 0x0000000088d00000|100%| E|CS|TAMS 0x0000000088c00000, 0x0000000088c00000| Complete 
| 141|0x0000000088d00000, 0x0000000088e00000, 0x0000000088e00000|100%| E|CS|TAMS 0x0000000088d00000, 0x0000000088d00000| Complete 
| 142|0x0000000088e00000, 0x0000000088f00000, 0x0000000088f00000|100%| E|CS|TAMS 0x0000000088e00000, 0x0000000088e00000| Complete 
| 143|0x0000000088f00000, 0x0000000089000000, 0x0000000089000000|100%| E|CS|TAMS 0x0000000088f00000, 0x0000000088f00000| Complete 
| 144|0x0000000089000000, 0x0000000089100000, 0x0000000089100000|100%| E|CS|TAMS 0x0000000089000000, 0x0000000089000000| Complete 
| 145|0x0000000089100000, 0x0000000089200000, 0x0000000089200000|100%| E|CS|TAMS 0x0000000089100000, 0x0000000089100000| Complete 
| 146|0x0000000089200000, 0x0000000089300000, 0x0000000089300000|100%| E|CS|TAMS 0x0000000089200000, 0x0000000089200000| Complete 
| 147|0x0000000089300000, 0x0000000089400000, 0x0000000089400000|100%| E|CS|TAMS 0x0000000089300000, 0x0000000089300000| Complete 
| 148|0x0000000089400000, 0x0000000089500000, 0x0000000089500000|100%| E|CS|TAMS 0x0000000089400000, 0x0000000089400000| Complete 
| 149|0x0000000089500000, 0x0000000089600000, 0x0000000089600000|100%| E|CS|TAMS 0x0000000089500000, 0x0000000089500000| Complete 
| 150|0x0000000089600000, 0x0000000089700000, 0x0000000089700000|100%| E|CS|TAMS 0x0000000089600000, 0x0000000089600000| Complete 
| 151|0x0000000089700000, 0x0000000089800000, 0x0000000089800000|100%| E|CS|TAMS 0x0000000089700000, 0x0000000089700000| Complete 
| 152|0x0000000089800000, 0x0000000089900000, 0x0000000089900000|100%| E|CS|TAMS 0x0000000089800000, 0x0000000089800000| Complete 
| 153|0x0000000089900000, 0x0000000089a00000, 0x0000000089a00000|100%| E|CS|TAMS 0x0000000089900000, 0x0000000089900000| Complete 
| 154|0x0000000089a00000, 0x0000000089b00000, 0x0000000089b00000|100%| E|CS|TAMS 0x0000000089a00000, 0x0000000089a00000| Complete 
| 155|0x0000000089b00000, 0x0000000089c00000, 0x0000000089c00000|100%| E|CS|TAMS 0x0000000089b00000, 0x0000000089b00000| Complete 
| 156|0x0000000089c00000, 0x0000000089d00000, 0x0000000089d00000|100%| E|CS|TAMS 0x0000000089c00000, 0x0000000089c00000| Complete 
| 157|0x0000000089d00000, 0x0000000089e00000, 0x0000000089e00000|100%| E|CS|TAMS 0x0000000089d00000, 0x0000000089d00000| Complete 
| 158|0x0000000089e00000, 0x0000000089f00000, 0x0000000089f00000|100%| E|CS|TAMS 0x0000000089e00000, 0x0000000089e00000| Complete 
| 159|0x0000000089f00000, 0x000000008a000000, 0x000000008a000000|100%| E|CS|TAMS 0x0000000089f00000, 0x0000000089f00000| Complete 
| 160|0x000000008a000000, 0x000000008a100000, 0x000000008a100000|100%| E|CS|TAMS 0x000000008a000000, 0x000000008a000000| Complete 
| 161|0x000000008a100000, 0x000000008a200000, 0x000000008a200000|100%| E|CS|TAMS 0x000000008a100000, 0x000000008a100000| Complete 
| 162|0x000000008a200000, 0x000000008a300000, 0x000000008a300000|100%| E|CS|TAMS 0x000000008a200000, 0x000000008a200000| Complete 
| 163|0x000000008a300000, 0x000000008a400000, 0x000000008a400000|100%| E|CS|TAMS 0x000000008a300000, 0x000000008a300000| Complete 
| 164|0x000000008a400000, 0x000000008a500000, 0x000000008a500000|100%| E|CS|TAMS 0x000000008a400000, 0x000000008a400000| Complete 
| 165|0x000000008a500000, 0x000000008a600000, 0x000000008a600000|100%| E|CS|TAMS 0x000000008a500000, 0x000000008a500000| Complete 
| 166|0x000000008a600000, 0x000000008a700000, 0x000000008a700000|100%| E|CS|TAMS 0x000000008a600000, 0x000000008a600000| Complete 
| 167|0x000000008a700000, 0x000000008a800000, 0x000000008a800000|100%| E|CS|TAMS 0x000000008a700000, 0x000000008a700000| Complete 
| 168|0x000000008a800000, 0x000000008a900000, 0x000000008a900000|100%| E|CS|TAMS 0x000000008a800000, 0x000000008a800000| Complete 
| 169|0x000000008a900000, 0x000000008aa00000, 0x000000008aa00000|100%| E|CS|TAMS 0x000000008a900000, 0x000000008a900000| Complete 
| 170|0x000000008aa00000, 0x000000008ab00000, 0x000000008ab00000|100%| E|CS|TAMS 0x000000008aa00000, 0x000000008aa00000| Complete 
| 171|0x000000008ab00000, 0x000000008ac00000, 0x000000008ac00000|100%| E|CS|TAMS 0x000000008ab00000, 0x000000008ab00000| Complete 
| 172|0x000000008ac00000, 0x000000008ad00000, 0x000000008ad00000|100%| E|CS|TAMS 0x000000008ac00000, 0x000000008ac00000| Complete 
| 173|0x000000008ad00000, 0x000000008ae00000, 0x000000008ae00000|100%| E|CS|TAMS 0x000000008ad00000, 0x000000008ad00000| Complete 
| 174|0x000000008ae00000, 0x000000008af00000, 0x000000008af00000|100%| E|CS|TAMS 0x000000008ae00000, 0x000000008ae00000| Complete 
| 175|0x000000008af00000, 0x000000008b000000, 0x000000008b000000|100%| E|CS|TAMS 0x000000008af00000, 0x000000008af00000| Complete 
| 176|0x000000008b000000, 0x000000008b100000, 0x000000008b100000|100%| E|CS|TAMS 0x000000008b000000, 0x000000008b000000| Complete 
| 177|0x000000008b100000, 0x000000008b200000, 0x000000008b200000|100%| E|CS|TAMS 0x000000008b100000, 0x000000008b100000| Complete 
| 178|0x000000008b200000, 0x000000008b300000, 0x000000008b300000|100%| E|CS|TAMS 0x000000008b200000, 0x000000008b200000| Complete 
| 179|0x000000008b300000, 0x000000008b400000, 0x000000008b400000|100%| E|CS|TAMS 0x000000008b300000, 0x000000008b300000| Complete 
| 180|0x000000008b400000, 0x000000008b500000, 0x000000008b500000|100%| E|CS|TAMS 0x000000008b400000, 0x000000008b400000| Complete 
| 181|0x000000008b500000, 0x000000008b600000, 0x000000008b600000|100%| E|CS|TAMS 0x000000008b500000, 0x000000008b500000| Complete 
| 182|0x000000008b600000, 0x000000008b700000, 0x000000008b700000|100%| E|CS|TAMS 0x000000008b600000, 0x000000008b600000| Complete 
| 183|0x000000008b700000, 0x000000008b800000, 0x000000008b800000|100%| E|CS|TAMS 0x000000008b700000, 0x000000008b700000| Complete 
| 184|0x000000008b800000, 0x000000008b900000, 0x000000008b900000|100%| E|CS|TAMS 0x000000008b800000, 0x000000008b800000| Complete 
| 185|0x000000008b900000, 0x000000008ba00000, 0x000000008ba00000|100%| E|CS|TAMS 0x000000008b900000, 0x000000008b900000| Complete 
| 186|0x000000008ba00000, 0x000000008bb00000, 0x000000008bb00000|100%| E|CS|TAMS 0x000000008ba00000, 0x000000008ba00000| Complete 
| 187|0x000000008bb00000, 0x000000008bc00000, 0x000000008bc00000|100%| E|CS|TAMS 0x000000008bb00000, 0x000000008bb00000| Complete 
| 195|0x000000008c300000, 0x000000008c400000, 0x000000008c400000|100%| E|CS|TAMS 0x000000008c300000, 0x000000008c300000| Complete 
| 196|0x000000008c400000, 0x000000008c500000, 0x000000008c500000|100%| E|CS|TAMS 0x000000008c400000, 0x000000008c400000| Complete 
| 197|0x000000008c500000, 0x000000008c600000, 0x000000008c600000|100%| E|CS|TAMS 0x000000008c500000, 0x000000008c500000| Complete 
| 198|0x000000008c600000, 0x000000008c700000, 0x000000008c700000|100%| E|CS|TAMS 0x000000008c600000, 0x000000008c600000| Complete 
| 199|0x000000008c700000, 0x000000008c800000, 0x000000008c800000|100%| E|CS|TAMS 0x000000008c700000, 0x000000008c700000| Complete 
| 200|0x000000008c800000, 0x000000008c900000, 0x000000008c900000|100%| E|CS|TAMS 0x000000008c800000, 0x000000008c800000| Complete 
| 201|0x000000008c900000, 0x000000008ca00000, 0x000000008ca00000|100%| E|CS|TAMS 0x000000008c900000, 0x000000008c900000| Complete 
| 202|0x000000008ca00000, 0x000000008cb00000, 0x000000008cb00000|100%| E|CS|TAMS 0x000000008ca00000, 0x000000008ca00000| Complete 
| 203|0x000000008cb00000, 0x000000008cc00000, 0x000000008cc00000|100%| E|CS|TAMS 0x000000008cb00000, 0x000000008cb00000| Complete 
| 251|0x000000008fb00000, 0x000000008fc00000, 0x000000008fc00000|100%| E|CS|TAMS 0x000000008fb00000, 0x000000008fb00000| Complete 

Card table byte_map: [0x000001e80f400000,0x000001e80f800000] _byte_map_base: 0x000001e80f000000

Marking Bits (Prev, Next): (CMBitMap*) 0x000001e87c59c310, (CMBitMap*) 0x000001e87c59c2d0
 Prev Bits: [0x000001e811c00000, 0x000001e813c00000)
 Next Bits: [0x000001e80fc00000, 0x000001e811c00000)

Polling page: 0x000001e87a490000

Metaspace:

Usage:
  Non-class:     48.91 MB used.
      Class:      7.62 MB used.
       Both:     56.53 MB used.

Virtual space:
  Non-class space:       64.00 MB reserved,      49.19 MB ( 77%) committed,  1 nodes.
      Class space:        1.00 GB reserved,       7.81 MB ( <1%) committed,  1 nodes.
             Both:        1.06 GB reserved,      57.00 MB (  5%) committed. 

Chunk freelists:
   Non-Class:  14.84 MB
       Class:  8.20 MB
        Both:  23.04 MB

MaxMetaspaceSize: unlimited
CompressedClassSpaceSize: 1.00 GB
Initial GC threshold: 21.00 MB
Current GC threshold: 93.69 MB
CDS: off
MetaspaceReclaimPolicy: balanced
 - commit_granule_bytes: 65536.
 - commit_granule_words: 8192.
 - virtual_space_node_default_size: 8388608.
 - enlarge_chunks_in_place: 1.
 - new_chunks_are_fully_committed: 0.
 - uncommit_free_chunks: 1.
 - use_allocation_guard: 0.
 - handle_deallocations: 1.


Internal statistics:

num_allocs_failed_limit: 3.
num_arena_births: 528.
num_arena_deaths: 18.
num_vsnodes_births: 2.
num_vsnodes_deaths: 0.
num_space_committed: 912.
num_space_uncommitted: 0.
num_chunks_returned_to_freelist: 30.
num_chunks_taken_from_freelist: 2453.
num_chunk_merges: 10.
num_chunk_splits: 1577.
num_chunks_enlarged: 1098.
num_inconsistent_stats: 0.

CodeHeap 'non-profiled nmethods': size=120000Kb used=2957Kb max_used=2957Kb free=117042Kb
 bounds [0x000001e807ad0000, 0x000001e807de0000, 0x000001e80f000000]
CodeHeap 'profiled nmethods': size=120000Kb used=11021Kb max_used=11446Kb free=108978Kb
 bounds [0x000001e800000000, 0x000001e800b30000, 0x000001e807530000]
CodeHeap 'non-nmethods': size=5760Kb used=2339Kb max_used=2415Kb free=3420Kb
 bounds [0x000001e807530000, 0x000001e8077a0000, 0x000001e807ad0000]
 total_blobs=6695 nmethods=5850 adapters=757
 compilation: enabled
              stopped_count=0, restarted_count=0
 full_count=0

Compilation events (20 events):
Event: 16.911 Thread 0x000001e816645390 6665       2       java.util.LinkedHashMap$LinkedHashIterator::remove (75 bytes)
Event: 16.911 Thread 0x000001e816645390 nmethod 6665 0x000001e800245810 code [0x000001e8002459e0, 0x000001e800245ce8]
Event: 16.911 Thread 0x000001e816645390 6666       2       org.gradle.cache.internal.btree.ByteOutput::getBytesWritten (8 bytes)
Event: 16.911 Thread 0x000001e816645390 nmethod 6666 0x000001e800865910 code [0x000001e800865aa0, 0x000001e800865bb8]
Event: 16.957 Thread 0x000001e816645390 6668       2       org.gradle.internal.hash.HashCode$HashCode128::appendToHasher (21 bytes)
Event: 16.958 Thread 0x000001e816645390 nmethod 6668 0x000001e800244d90 code [0x000001e800244fc0, 0x000001e800245478]
Event: 16.960 Thread 0x000001e816645390 6669       2       com.google.common.cache.LocalCache$Segment::newEntry (18 bytes)
Event: 16.960 Thread 0x000001e816645390 nmethod 6669 0x000001e800244890 code [0x000001e800244a40, 0x000001e800244c58]
Event: 16.964 Thread 0x000001e816645390 6670       2       com.google.common.collect.MapMakerInternalMap$Segment::preWriteCleanup (5 bytes)
Event: 16.965 Thread 0x000001e816645390 nmethod 6670 0x000001e800244110 code [0x000001e800244300, 0x000001e8002445f8]
Event: 16.965 Thread 0x000001e816645390 6671   !   2       com.google.common.collect.MapMakerInternalMap$Segment::runLockedCleanup (34 bytes)
Event: 16.965 Thread 0x000001e816645390 nmethod 6671 0x000001e800243a10 code [0x000001e800243c00, 0x000001e800243ed8]
Event: 16.965 Thread 0x000001e816645390 6672       2       com.google.common.collect.MapMakerInternalMap$Segment::setValue (19 bytes)
Event: 16.965 Thread 0x000001e816645390 nmethod 6672 0x000001e800243410 code [0x000001e8002435c0, 0x000001e800243738]
Event: 16.965 Thread 0x000001e816645390 6673       2       java.util.Optional::get (22 bytes)
Event: 16.966 Thread 0x000001e816645390 nmethod 6673 0x000001e800395d10 code [0x000001e800395ec0, 0x000001e800396088]
Event: 17.024 Thread 0x000001e816645390 6674       3       org.gradle.internal.classpath.transforms.InstrumentingBackwardsCompatibilityVisitor::fixAsmObjectsForBackwardsCompatibility (31 bytes)
Event: 17.024 Thread 0x000001e816645390 nmethod 6674 0x000001e800395590 code [0x000001e800395760, 0x000001e800395b88]
Event: 17.034 Thread 0x000001e816645390 6675       2       java.util.stream.FindOps$FindSink$OfRef$$Lambda$13/0x0000000100014588::get (8 bytes)
Event: 17.034 Thread 0x000001e816645390 nmethod 6675 0x000001e800395210 code [0x000001e8003953a0, 0x000001e8003954f8]

GC Heap History (20 events):
Event: 13.309 GC heap before
{Heap before GC invocations=45 (full 0):
 garbage-first heap   total 168960K, used 145226K [0x0000000080000000, 0x0000000100000000)
  region size 1024K, 87 young (89088K), 5 survivors (5120K)
 Metaspace       used 57257K, committed 57664K, reserved 1114112K
  class space    used 7751K, committed 7936K, reserved 1048576K
}
Event: 13.313 GC heap after
{Heap after GC invocations=46 (full 0):
 garbage-first heap   total 168960K, used 61918K [0x0000000080000000, 0x0000000100000000)
  region size 1024K, 6 young (6144K), 6 survivors (6144K)
 Metaspace       used 57257K, committed 57664K, reserved 1114112K
  class space    used 7751K, committed 7936K, reserved 1048576K
}
Event: 13.663 GC heap before
{Heap before GC invocations=46 (full 0):
 garbage-first heap   total 168960K, used 143838K [0x0000000080000000, 0x0000000100000000)
  region size 1024K, 86 young (88064K), 6 survivors (6144K)
 Metaspace       used 57267K, committed 57664K, reserved 1114112K
  class space    used 7751K, committed 7936K, reserved 1048576K
}
Event: 13.667 GC heap after
{Heap after GC invocations=47 (full 0):
 garbage-first heap   total 168960K, used 62662K [0x0000000080000000, 0x0000000100000000)
  region size 1024K, 7 young (7168K), 7 survivors (7168K)
 Metaspace       used 57267K, committed 57664K, reserved 1114112K
  class space    used 7751K, committed 7936K, reserved 1048576K
}
Event: 13.967 GC heap before
{Heap before GC invocations=47 (full 0):
 garbage-first heap   total 168960K, used 142534K [0x0000000080000000, 0x0000000100000000)
  region size 1024K, 85 young (87040K), 7 survivors (7168K)
 Metaspace       used 57267K, committed 57664K, reserved 1114112K
  class space    used 7751K, committed 7936K, reserved 1048576K
}
Event: 13.971 GC heap after
{Heap after GC invocations=48 (full 0):
 garbage-first heap   total 168960K, used 63739K [0x0000000080000000, 0x0000000100000000)
  region size 1024K, 7 young (7168K), 7 survivors (7168K)
 Metaspace       used 57267K, committed 57664K, reserved 1114112K
  class space    used 7751K, committed 7936K, reserved 1048576K
}
Event: 14.210 GC heap before
{Heap before GC invocations=48 (full 0):
 garbage-first heap   total 168960K, used 142587K [0x0000000080000000, 0x0000000100000000)
  region size 1024K, 84 young (86016K), 7 survivors (7168K)
 Metaspace       used 57267K, committed 57664K, reserved 1114112K
  class space    used 7751K, committed 7936K, reserved 1048576K
}
Event: 14.214 GC heap after
{Heap after GC invocations=49 (full 0):
 garbage-first heap   total 168960K, used 64664K [0x0000000080000000, 0x0000000100000000)
  region size 1024K, 7 young (7168K), 7 survivors (7168K)
 Metaspace       used 57267K, committed 57664K, reserved 1114112K
  class space    used 7751K, committed 7936K, reserved 1048576K
}
Event: 15.621 GC heap before
{Heap before GC invocations=49 (full 0):
 garbage-first heap   total 168960K, used 144536K [0x0000000080000000, 0x0000000100000000)
  region size 1024K, 83 young (84992K), 7 survivors (7168K)
 Metaspace       used 57503K, committed 57984K, reserved 1114112K
  class space    used 7771K, committed 8000K, reserved 1048576K
}
Event: 15.626 GC heap after
{Heap after GC invocations=50 (full 0):
 garbage-first heap   total 168960K, used 61832K [0x0000000080000000, 0x0000000100000000)
  region size 1024K, 4 young (4096K), 4 survivors (4096K)
 Metaspace       used 57503K, committed 57984K, reserved 1114112K
  class space    used 7771K, committed 8000K, reserved 1048576K
}
Event: 15.841 GC heap before
{Heap before GC invocations=50 (full 0):
 garbage-first heap   total 168960K, used 145800K [0x0000000080000000, 0x0000000100000000)
  region size 1024K, 86 young (88064K), 4 survivors (4096K)
 Metaspace       used 57581K, committed 58048K, reserved 1114112K
  class space    used 7771K, committed 8000K, reserved 1048576K
}
Event: 15.847 GC heap after
{Heap after GC invocations=51 (full 0):
 garbage-first heap   total 168960K, used 63531K [0x0000000080000000, 0x0000000100000000)
  region size 1024K, 6 young (6144K), 6 survivors (6144K)
 Metaspace       used 57581K, committed 58048K, reserved 1114112K
  class space    used 7771K, committed 8000K, reserved 1048576K
}
Event: 16.047 GC heap before
{Heap before GC invocations=51 (full 0):
 garbage-first heap   total 168960K, used 147499K [0x0000000080000000, 0x0000000100000000)
  region size 1024K, 84 young (86016K), 6 survivors (6144K)
 Metaspace       used 57835K, committed 58304K, reserved 1114112K
  class space    used 7802K, committed 8000K, reserved 1048576K
}
Event: 16.051 GC heap after
{Heap after GC invocations=52 (full 0):
 garbage-first heap   total 202752K, used 71146K [0x0000000080000000, 0x0000000100000000)
  region size 1024K, 8 young (8192K), 8 survivors (8192K)
 Metaspace       used 57835K, committed 58304K, reserved 1114112K
  class space    used 7802K, committed 8000K, reserved 1048576K
}
Event: 16.188 GC heap before
{Heap before GC invocations=52 (full 0):
 garbage-first heap   total 202752K, used 172522K [0x0000000080000000, 0x0000000100000000)
  region size 1024K, 107 young (109568K), 8 survivors (8192K)
 Metaspace       used 57881K, committed 58368K, reserved 1114112K
  class space    used 7806K, committed 8000K, reserved 1048576K
}
Event: 16.192 GC heap after
{Heap after GC invocations=53 (full 0):
 garbage-first heap   total 202752K, used 71550K [0x0000000080000000, 0x0000000100000000)
  region size 1024K, 8 young (8192K), 8 survivors (8192K)
 Metaspace       used 57881K, committed 58368K, reserved 1114112K
  class space    used 7806K, committed 8000K, reserved 1048576K
}
Event: 16.453 GC heap before
{Heap before GC invocations=53 (full 0):
 garbage-first heap   total 202752K, used 171902K [0x0000000080000000, 0x0000000100000000)
  region size 1024K, 107 young (109568K), 8 survivors (8192K)
 Metaspace       used 57883K, committed 58368K, reserved 1114112K
  class space    used 7806K, committed 8000K, reserved 1048576K
}
Event: 16.457 GC heap after
{Heap after GC invocations=54 (full 0):
 garbage-first heap   total 202752K, used 72173K [0x0000000080000000, 0x0000000100000000)
  region size 1024K, 9 young (9216K), 9 survivors (9216K)
 Metaspace       used 57883K, committed 58368K, reserved 1114112K
  class space    used 7806K, committed 8000K, reserved 1048576K
}
Event: 16.895 GC heap before
{Heap before GC invocations=54 (full 0):
 garbage-first heap   total 202752K, used 171501K [0x0000000080000000, 0x0000000100000000)
  region size 1024K, 106 young (108544K), 9 survivors (9216K)
 Metaspace       used 57884K, committed 58368K, reserved 1114112K
  class space    used 7806K, committed 8000K, reserved 1048576K
}
Event: 16.900 GC heap after
{Heap after GC invocations=55 (full 0):
 garbage-first heap   total 202752K, used 71725K [0x0000000080000000, 0x0000000100000000)
  region size 1024K, 6 young (6144K), 6 survivors (6144K)
 Metaspace       used 57884K, committed 58368K, reserved 1114112K
  class space    used 7806K, committed 8000K, reserved 1048576K
}

Dll operation events (3 events):
Event: 0.009 Loaded shared library C:\Program Files\Android\Android Studio\jbr\bin\java.dll
Event: 0.173 Loaded shared library C:\Program Files\Android\Android Studio\jbr\bin\zip.dll
Event: 0.453 Loaded shared library C:\Program Files\Android\Android Studio\jbr\bin\verify.dll

Deoptimization events (20 events):
Event: 16.623 Thread 0x000001e81dc9c160 DEOPT PACKING pc=0x000001e800a55ef0 sp=0x00000067caffbca0
Event: 16.623 Thread 0x000001e81dc9c160 DEOPT UNPACKING pc=0x000001e80758ace3 sp=0x00000067caffb180 mode 0
Event: 16.633 Thread 0x000001e81dc9c160 DEOPT PACKING pc=0x000001e800a55ef0 sp=0x00000067caffbca0
Event: 16.633 Thread 0x000001e81dc9c160 DEOPT UNPACKING pc=0x000001e80758ace3 sp=0x00000067caffb180 mode 0
Event: 16.642 Thread 0x000001e81dc9c160 DEOPT PACKING pc=0x000001e800a55ef0 sp=0x00000067caffbca0
Event: 16.642 Thread 0x000001e81dc9c160 DEOPT UNPACKING pc=0x000001e80758ace3 sp=0x00000067caffb180 mode 0
Event: 16.651 Thread 0x000001e81dc95710 DEOPT PACKING pc=0x000001e800a55ef0 sp=0x00000067cacfc110
Event: 16.651 Thread 0x000001e81dc95710 DEOPT UNPACKING pc=0x000001e80758ace3 sp=0x00000067cacfb5f0 mode 0
Event: 16.659 Thread 0x000001e81dc95710 DEOPT PACKING pc=0x000001e800a55ef0 sp=0x00000067cacfc110
Event: 16.659 Thread 0x000001e81dc95710 DEOPT UNPACKING pc=0x000001e80758ace3 sp=0x00000067cacfb5f0 mode 0
Event: 16.668 Thread 0x000001e81dc95710 DEOPT PACKING pc=0x000001e800a55ef0 sp=0x00000067cacfc110
Event: 16.668 Thread 0x000001e81dc95710 DEOPT UNPACKING pc=0x000001e80758ace3 sp=0x00000067cacfb5f0 mode 0
Event: 16.677 Thread 0x000001e81dc95710 DEOPT PACKING pc=0x000001e800a55ef0 sp=0x00000067cacfc110
Event: 16.677 Thread 0x000001e81dc95710 DEOPT UNPACKING pc=0x000001e80758ace3 sp=0x00000067cacfb5f0 mode 0
Event: 16.687 Thread 0x000001e81dc9c160 DEOPT PACKING pc=0x000001e800a55ef0 sp=0x00000067caffbca0
Event: 16.687 Thread 0x000001e81dc9c160 DEOPT UNPACKING pc=0x000001e80758ace3 sp=0x00000067caffb180 mode 0
Event: 16.777 Thread 0x000001e81dc95710 DEOPT PACKING pc=0x000001e800a55ef0 sp=0x00000067cacfc110
Event: 16.777 Thread 0x000001e81dc95710 DEOPT UNPACKING pc=0x000001e80758ace3 sp=0x00000067cacfb5f0 mode 0
Event: 16.963 Thread 0x000001e81dc9c160 DEOPT PACKING pc=0x000001e80075ebec sp=0x00000067caffd4c0
Event: 16.963 Thread 0x000001e81dc9c160 DEOPT UNPACKING pc=0x000001e80758ace3 sp=0x00000067caffca18 mode 0

Classes unloaded (12 events):
Event: 8.096 Thread 0x000001e8165f3930 Unloading class 0x000000010046bc00 'java/lang/invoke/LambdaForm$MH+0x000000010046bc00'
Event: 8.096 Thread 0x000001e8165f3930 Unloading class 0x000000010046b800 'java/lang/invoke/LambdaForm$MH+0x000000010046b800'
Event: 8.096 Thread 0x000001e8165f3930 Unloading class 0x000000010046b400 'java/lang/invoke/LambdaForm$DMH+0x000000010046b400'
Event: 8.096 Thread 0x000001e8165f3930 Unloading class 0x000000010046a800 'java/lang/invoke/LambdaForm$DMH+0x000000010046a800'
Event: 8.096 Thread 0x000001e8165f3930 Unloading class 0x000000010046b000 'java/lang/invoke/LambdaForm$DMH+0x000000010046b000'
Event: 8.096 Thread 0x000001e8165f3930 Unloading class 0x0000000100469c00 'java/lang/invoke/LambdaForm$DMH+0x0000000100469c00'
Event: 8.096 Thread 0x000001e8165f3930 Unloading class 0x0000000100469800 'java/lang/invoke/LambdaForm$DMH+0x0000000100469800'
Event: 9.959 Thread 0x000001e8165f3930 Unloading class 0x0000000100688000 '_BuildScript_$_run_closure1'
Event: 9.959 Thread 0x000001e8165f3930 Unloading class 0x0000000100678800 '_BuildScript_'
Event: 10.427 Thread 0x000001e8165f3930 Unloading class 0x000000010071a968 '_BuildScript_$_run_closure1$_closure2'
Event: 10.427 Thread 0x000001e8165f3930 Unloading class 0x000000010071a558 '_BuildScript_$_run_closure1'
Event: 10.427 Thread 0x000001e8165f3930 Unloading class 0x000000010071a000 '_BuildScript_'

Classes redefined (0 events):
No events

Internal exceptions (20 events):
Event: 15.973 Thread 0x000001e81dc95c20 Exception <a 'sun/nio/fs/WindowsException'{0x000000008940e308}> (0x000000008940e308) 
thrown [s\src\hotspot\share\prims\jni.cpp, line 531]
Event: 15.975 Thread 0x000001e81dc9ad20 Exception <a 'sun/nio/fs/WindowsException'{0x0000000089460b28}> (0x0000000089460b28) 
thrown [s\src\hotspot\share\prims\jni.cpp, line 531]
Event: 15.975 Thread 0x000001e81c4bcae0 Exception <a 'sun/nio/fs/WindowsException'{0x000000008953cb98}> (0x000000008953cb98) 
thrown [s\src\hotspot\share\prims\jni.cpp, line 531]
Event: 15.976 Thread 0x000001e81dc9c160 Exception <a 'sun/nio/fs/WindowsException'{0x00000000894b36b8}> (0x00000000894b36b8) 
thrown [s\src\hotspot\share\prims\jni.cpp, line 531]
Event: 15.977 Thread 0x000001e81dc94cf0 Exception <a 'sun/nio/fs/WindowsException'{0x00000000893b67b0}> (0x00000000893b67b0) 
thrown [s\src\hotspot\share\prims\jni.cpp, line 531]
Event: 15.978 Thread 0x000001e81dc96130 Exception <a 'sun/nio/fs/WindowsException'{0x0000000089312eb8}> (0x0000000089312eb8) 
thrown [s\src\hotspot\share\prims\jni.cpp, line 531]
Event: 15.992 Thread 0x000001e81dc95c20 Exception <a 'sun/nio/fs/WindowsException'{0x0000000088acbf48}> (0x0000000088acbf48) 
thrown [s\src\hotspot\share\prims\jni.cpp, line 531]
Event: 15.994 Thread 0x000001e81dc95c20 Exception <a 'sun/nio/fs/WindowsException'{0x0000000088acc4f0}> (0x0000000088acc4f0) 
thrown [s\src\hotspot\share\prims\jni.cpp, line 531]
Event: 15.998 Thread 0x000001e81dc96130 Exception <a 'sun/nio/fs/WindowsException'{0x0000000088a36eb8}> (0x0000000088a36eb8) 
thrown [s\src\hotspot\share\prims\jni.cpp, line 531]
Event: 16.001 Thread 0x000001e81dc96130 Exception <a 'sun/nio/fs/WindowsException'{0x0000000088a373d8}> (0x0000000088a373d8) 
thrown [s\src\hotspot\share\prims\jni.cpp, line 531]
Event: 16.018 Thread 0x000001e81dc989b0 Exception <a 'sun/nio/fs/WindowsException'{0x00000000880d60c8}> (0x00000000880d60c8) 
thrown [s\src\hotspot\share\prims\jni.cpp, line 531]
Event: 16.020 Thread 0x000001e81dc94cf0 Exception <a 'sun/nio/fs/WindowsException'{0x0000000087287f30}> (0x0000000087287f30) 
thrown [s\src\hotspot\share\prims\jni.cpp, line 531]
Event: 16.021 Thread 0x000001e81dc989b0 Exception <a 'sun/nio/fs/WindowsException'{0x00000000880d6580}> (0x00000000880d6580) 
thrown [s\src\hotspot\share\prims\jni.cpp, line 531]
Event: 16.022 Thread 0x000001e81dc94cf0 Exception <a 'sun/nio/fs/WindowsException'{0x0000000087288510}> (0x0000000087288510) 
thrown [s\src\hotspot\share\prims\jni.cpp, line 531]
Event: 16.091 Thread 0x000001e81c4bcae0 Exception <a 'sun/nio/fs/WindowsException'{0x000000008a0ba230}> (0x000000008a0ba230) 
thrown [s\src\hotspot\share\prims\jni.cpp, line 531]
Event: 16.093 Thread 0x000001e81c4bcae0 Exception <a 'sun/nio/fs/WindowsException'{0x000000008a0ba810}> (0x000000008a0ba810) 
thrown [s\src\hotspot\share\prims\jni.cpp, line 531]
Event: 16.125 Thread 0x000001e81dc9ad20 Exception <a 'sun/nio/fs/WindowsException'{0x00000000886e81b0}> (0x00000000886e81b0) 
thrown [s\src\hotspot\share\prims\jni.cpp, line 531]
Event: 16.128 Thread 0x000001e81dc9ad20 Exception <a 'sun/nio/fs/WindowsException'{0x00000000886e86a8}> (0x00000000886e86a8) 
thrown [s\src\hotspot\share\prims\jni.cpp, line 531]
Event: 16.701 Thread 0x000001e81dc9c160 Exception <a 'sun/nio/fs/WindowsException'{0x0000000087064a38}> (0x0000000087064a38) 
thrown [s\src\hotspot\share\prims\jni.cpp, line 531]
Event: 16.754 Thread 0x000001e81dc9c160 Exception <a 'sun/nio/fs/WindowsException'{0x0000000087064fc8}> (0x0000000087064fc8) 
thrown [s\src\hotspot\share\prims\jni.cpp, line 531]

VM Operations (20 events):
Event: 13.967 Executing VM operation: G1CollectForAllocation
Event: 13.971 Executing VM operation: G1CollectForAllocation done
Event: 14.210 Executing VM operation: G1CollectForAllocation
Event: 14.214 Executing VM operation: G1CollectForAllocation done
Event: 15.224 Executing VM operation: Cleanup
Event: 15.224 Executing VM operation: Cleanup done
Event: 15.487 Executing VM operation: ICBufferFull
Event: 15.488 Executing VM operation: ICBufferFull done
Event: 15.621 Executing VM operation: G1CollectForAllocation
Event: 15.626 Executing VM operation: G1CollectForAllocation done
Event: 15.841 Executing VM operation: G1CollectForAllocation
Event: 15.847 Executing VM operation: G1CollectForAllocation done
Event: 16.047 Executing VM operation: G1CollectForAllocation
Event: 16.051 Executing VM operation: G1CollectForAllocation done
Event: 16.188 Executing VM operation: G1CollectForAllocation
Event: 16.192 Executing VM operation: G1CollectForAllocation done
Event: 16.452 Executing VM operation: G1CollectForAllocation
Event: 16.457 Executing VM operation: G1CollectForAllocation done
Event: 16.895 Executing VM operation: G1CollectForAllocation
Event: 16.900 Executing VM operation: G1CollectForAllocation done

Events (20 events):
Event: 11.935 Thread 0x000001e816671710 flushing nmethod 0x000001e800a94290
Event: 11.935 Thread 0x000001e816671710 flushing nmethod 0x000001e800a94b10
Event: 11.935 Thread 0x000001e816671710 flushing nmethod 0x000001e800a9af10
Event: 11.935 Thread 0x000001e816671710 flushing nmethod 0x000001e800aa6e10
Event: 11.935 Thread 0x000001e816671710 flushing nmethod 0x000001e800aa8490
Event: 11.935 Thread 0x000001e816671710 flushing nmethod 0x000001e800ac1890
Event: 11.935 Thread 0x000001e816671710 flushing nmethod 0x000001e800ac8810
Event: 15.436 loading class java/util/stream/SortedOps$OfRef
Event: 15.436 loading class java/util/stream/SortedOps$OfRef done
Event: 15.437 loading class java/util/stream/SortedOps$SizedRefSortingSink
Event: 15.437 loading class java/util/stream/SortedOps$AbstractRefSortingSink
Event: 15.437 loading class java/util/stream/SortedOps$AbstractRefSortingSink done
Event: 15.437 loading class java/util/stream/SortedOps$SizedRefSortingSink done
Event: 15.963 Thread 0x000001e81dc989b0 Thread added: 0x000001e81dc989b0
Event: 15.964 Thread 0x000001e81dc95710 Thread added: 0x000001e81dc95710
Event: 15.965 Thread 0x000001e81dc95c20 Thread added: 0x000001e81dc95c20
Event: 15.966 Thread 0x000001e81dc9ad20 Thread added: 0x000001e81dc9ad20
Event: 15.966 Thread 0x000001e81dc9c160 Thread added: 0x000001e81dc9c160
Event: 15.967 Thread 0x000001e81dc94cf0 Thread added: 0x000001e81dc94cf0
Event: 15.967 Thread 0x000001e81dc96130 Thread added: 0x000001e81dc96130


Dynamic libraries:
0x00007ff782050000 - 0x00007ff78205a000 	C:\Program Files\Android\Android Studio\jbr\bin\java.exe
0x00007ffedd550000 - 0x00007ffedd748000 	C:\Windows\SYSTEM32\ntdll.dll
0x00007ffedd440000 - 0x00007ffedd502000 	C:\Windows\System32\KERNEL32.DLL
0x00007ffedae20000 - 0x00007ffedb11e000 	C:\Windows\System32\KERNELBASE.dll
0x00007ffedb470000 - 0x00007ffedb570000 	C:\Windows\System32\ucrtbase.dll
0x00007ffec1bf0000 - 0x00007ffec1c07000 	C:\Program Files\Android\Android Studio\jbr\bin\jli.dll
0x00007ffec0a80000 - 0x00007ffec0a9b000 	C:\Program Files\Android\Android Studio\jbr\bin\VCRUNTIME140.dll
0x00007ffedc770000 - 0x00007ffedc90d000 	C:\Windows\System32\USER32.dll
0x00007ffedb120000 - 0x00007ffedb142000 	C:\Windows\System32\win32u.dll
0x00007ffebde90000 - 0x00007ffebe12a000 	C:\Windows\WinSxS\amd64_microsoft.windows.common-controls_6595b64144ccf1df_6.0.19041.4355_none_60b8b9eb71f62e16\COMCTL32.dll
0x00007ffedc910000 - 0x00007ffedc9ae000 	C:\Windows\System32\msvcrt.dll
0x00007ffedc740000 - 0x00007ffedc76b000 	C:\Windows\System32\GDI32.dll
0x00007ffedb350000 - 0x00007ffedb467000 	C:\Windows\System32\gdi32full.dll
0x00007ffedb150000 - 0x00007ffedb1ed000 	C:\Windows\System32\msvcp_win.dll
0x00007ffedc070000 - 0x00007ffedc09f000 	C:\Windows\System32\IMM32.DLL
0x00007ffec0a70000 - 0x00007ffec0a7c000 	C:\Program Files\Android\Android Studio\jbr\bin\vcruntime140_1.dll
0x00007ffeb2990000 - 0x00007ffeb2a1d000 	C:\Program Files\Android\Android Studio\jbr\bin\msvcp140.dll
0x00007ffe978f0000 - 0x00007ffe98573000 	C:\Program Files\Android\Android Studio\jbr\bin\server\jvm.dll
0x00007ffedc100000 - 0x00007ffedc1b1000 	C:\Windows\System32\ADVAPI32.dll
0x00007ffedc1c0000 - 0x00007ffedc25f000 	C:\Windows\System32\sechost.dll
0x00007ffedb6a0000 - 0x00007ffedb7c3000 	C:\Windows\System32\RPCRT4.dll
0x00007ffedada0000 - 0x00007ffedadc7000 	C:\Windows\System32\bcrypt.dll
0x00007ffeda110000 - 0x00007ffeda15b000 	C:\Windows\SYSTEM32\POWRPROF.dll
0x00007ffed2310000 - 0x00007ffed2319000 	C:\Windows\SYSTEM32\WSOCK32.dll
0x00007ffedc260000 - 0x00007ffedc2cb000 	C:\Windows\System32\WS2_32.dll
0x00007ffed50d0000 - 0x00007ffed50da000 	C:\Windows\SYSTEM32\VERSION.dll
0x00007ffecd7f0000 - 0x00007ffecd817000 	C:\Windows\SYSTEM32\WINMM.dll
0x00007ffed9fd0000 - 0x00007ffed9fe2000 	C:\Windows\SYSTEM32\UMPDC.dll
0x00007ffed93d0000 - 0x00007ffed93e2000 	C:\Windows\SYSTEM32\kernel.appcore.dll
0x00007ffecd6b0000 - 0x00007ffecd6ba000 	C:\Program Files\Android\Android Studio\jbr\bin\jimage.dll
0x00007ffed8910000 - 0x00007ffed8af4000 	C:\Windows\SYSTEM32\DBGHELP.DLL
0x00007ffed1f00000 - 0x00007ffed1f34000 	C:\Windows\SYSTEM32\dbgcore.DLL
0x00007ffedad10000 - 0x00007ffedad92000 	C:\Windows\System32\bcryptPrimitives.dll
0x00007ffec6070000 - 0x00007ffec607e000 	C:\Program Files\Android\Android Studio\jbr\bin\instrument.dll
0x00007ffecad10000 - 0x00007ffecad35000 	C:\Program Files\Android\Android Studio\jbr\bin\java.dll
0x00007ffecc680000 - 0x00007ffecc698000 	C:\Program Files\Android\Android Studio\jbr\bin\zip.dll
0x00007ffedb900000 - 0x00007ffedc06d000 	C:\Windows\System32\SHELL32.dll
0x00007ffed8c10000 - 0x00007ffed93b4000 	C:\Windows\SYSTEM32\windows.storage.dll
0x00007ffedccf0000 - 0x00007ffedd043000 	C:\Windows\System32\combase.dll
0x00007ffeda620000 - 0x00007ffeda64e000 	C:\Windows\SYSTEM32\Wldp.dll
0x00007ffedb570000 - 0x00007ffedb63d000 	C:\Windows\System32\OLEAUT32.dll
0x00007ffedca40000 - 0x00007ffedcaed000 	C:\Windows\System32\SHCORE.dll
0x00007ffedc0a0000 - 0x00007ffedc0f5000 	C:\Windows\System32\shlwapi.dll
0x00007ffedab20000 - 0x00007ffedab44000 	C:\Windows\SYSTEM32\profapi.dll
0x00007ffecb020000 - 0x00007ffecb039000 	C:\Program Files\Android\Android Studio\jbr\bin\net.dll
0x00007ffed7860000 - 0x00007ffed796d000 	C:\Windows\SYSTEM32\WINHTTP.dll
0x00007ffeda360000 - 0x00007ffeda3ca000 	C:\Windows\system32\mswsock.dll
0x00007ffecaf40000 - 0x00007ffecaf56000 	C:\Program Files\Android\Android Studio\jbr\bin\nio.dll
0x00007ffec6080000 - 0x00007ffec6090000 	C:\Program Files\Android\Android Studio\jbr\bin\verify.dll
0x00007ffec0aa0000 - 0x00007ffec0ac7000 	C:\Users\franc\.gradle\native\c067742578af261105cb4f569cf0c3c89f3d7b1fecec35dd04571415982c5e48\windows-amd64\native-platform.dll
0x00007ffeb2580000 - 0x00007ffeb26c4000 	C:\Users\franc\.gradle\native\38dada09dfb8b06ba9b0570ebf7e218e3eb74d4ef43ca46872605cf95ebc2f47\windows-amd64\native-platform-file-events.dll
0x00007ffecad00000 - 0x00007ffecad09000 	C:\Program Files\Android\Android Studio\jbr\bin\management.dll
0x00007ffec6090000 - 0x00007ffec609b000 	C:\Program Files\Android\Android Studio\jbr\bin\management_ext.dll
0x00007ffedb8f0000 - 0x00007ffedb8f8000 	C:\Windows\System32\PSAPI.DLL
0x00007ffeda580000 - 0x00007ffeda598000 	C:\Windows\SYSTEM32\CRYPTSP.dll
0x00007ffed9c00000 - 0x00007ffed9c34000 	C:\Windows\system32\rsaenh.dll
0x00007ffedaaa0000 - 0x00007ffedaace000 	C:\Windows\SYSTEM32\USERENV.dll
0x00007ffeda570000 - 0x00007ffeda57c000 	C:\Windows\SYSTEM32\CRYPTBASE.dll
0x00007ffed9ff0000 - 0x00007ffeda02b000 	C:\Windows\SYSTEM32\IPHLPAPI.DLL
0x00007ffedb850000 - 0x00007ffedb858000 	C:\Windows\System32\NSI.dll
0x00007ffed7080000 - 0x00007ffed7097000 	C:\Windows\SYSTEM32\dhcpcsvc6.DLL
0x00007ffed6e20000 - 0x00007ffed6e3d000 	C:\Windows\SYSTEM32\dhcpcsvc.DLL
0x00007ffeda040000 - 0x00007ffeda10a000 	C:\Windows\SYSTEM32\DNSAPI.dll
0x00007ffecb4a0000 - 0x00007ffecb4a9000 	C:\Program Files\Android\Android Studio\jbr\bin\extnet.dll
0x00007ffecc720000 - 0x00007ffecc727000 	C:\Windows\system32\wshunix.dll
0x00007ffed9e50000 - 0x00007ffed9e83000 	C:\Windows\SYSTEM32\ntmarta.dll

dbghelp: loaded successfully - version: 4.0.5 - missing functions: none
symbol engine: initialized successfully - sym options: 0x614 - pdb path: .;C:\Program Files\Android\Android Studio\jbr\bin;C:\Windows\SYSTEM32;C:\Windows\WinSxS\amd64_microsoft.windows.common-controls_6595b64144ccf1df_6.0.19041.4355_none_60b8b9eb71f62e16;C:\Program Files\Android\Android Studio\jbr\bin\server;C:\Users\franc\.gradle\native\c067742578af261105cb4f569cf0c3c89f3d7b1fecec35dd04571415982c5e48\windows-amd64;C:\Users\franc\.gradle\native\38dada09dfb8b06ba9b0570ebf7e218e3eb74d4ef43ca46872605cf95ebc2f47\windows-amd64

VM Arguments:
jvm_args: --add-opens=java.base/java.util=ALL-UNNAMED --add-opens=java.base/java.lang=ALL-UNNAMED --add-opens=java.base/java.lang.invoke=ALL-UNNAMED --add-opens=java.prefs/java.util.prefs=ALL-UNNAMED --add-opens=java.base/java.nio.charset=ALL-UNNAMED --add-opens=java.base/java.net=ALL-UNNAMED --add-opens=java.base/java.util.concurrent.atomic=ALL-UNNAMED -Xmx2048m -Dfile.encoding=UTF-8 -Duser.country=ES -Duser.language=es -Duser.variant -javaagent:C:\Users\franc\.gradle\wrapper\dists\gradle-8.7-bin\bhs2wmbdwecv87pi65oeuq5iu\gradle-8.7\lib\agents\gradle-instrumentation-agent-8.7.jar 
java_command: org.gradle.launcher.daemon.bootstrap.GradleDaemon 8.7
java_class_path (initial): C:\Users\franc\.gradle\wrapper\dists\gradle-8.7-bin\bhs2wmbdwecv87pi65oeuq5iu\gradle-8.7\lib\gradle-launcher-8.7.jar
Launcher Type: SUN_STANDARD

[Global flags]
     intx CICompilerCount                          = 4                                         {product} {ergonomic}
     uint ConcGCThreads                            = 2                                         {product} {ergonomic}
     uint G1ConcRefinementThreads                  = 8                                         {product} {ergonomic}
   size_t G1HeapRegionSize                         = 1048576                                   {product} {ergonomic}
    uintx GCDrainStackTargetSize                   = 64                                        {product} {ergonomic}
   size_t InitialHeapSize                          = 264241152                                 {product} {ergonomic}
   size_t MarkStackSize                            = 4194304                                   {product} {ergonomic}
   size_t MaxHeapSize                              = 2147483648                                {product} {command line}
   size_t MaxNewSize                               = 1287651328                                {product} {ergonomic}
   size_t MinHeapDeltaBytes                        = 1048576                                   {product} {ergonomic}
   size_t MinHeapSize                              = 8388608                                   {product} {ergonomic}
    uintx NonNMethodCodeHeapSize                   = 5839372                                {pd product} {ergonomic}
    uintx NonProfiledCodeHeapSize                  = 122909434                              {pd product} {ergonomic}
    uintx ProfiledCodeHeapSize                     = 122909434                              {pd product} {ergonomic}
    uintx ReservedCodeCacheSize                    = 251658240                              {pd product} {ergonomic}
     bool SegmentedCodeCache                       = true                                      {product} {ergonomic}
   size_t SoftMaxHeapSize                          = 2147483648                             {manageable} {ergonomic}
     bool UseCompressedClassPointers               = true                           {product lp64_product} {ergonomic}
     bool UseCompressedOops                        = true                           {product lp64_product} {ergonomic}
     bool UseG1GC                                  = true                                      {product} {ergonomic}
     bool UseLargePagesIndividualAllocation        = false                                  {pd product} {ergonomic}

Logging:
Log output configuration:
 #0: stdout all=warning uptime,level,tags
 #1: stderr all=off uptime,level,tags

Environment Variables:
JAVA_HOME=C:\Program Files\Java\jdk-17\
PATH=C:\Program Files\Common Files\Oracle\Java\javapath;C:\Program Files\Java\jdk1.8.0_321\bin;C:\Program Files\Eclipse Adoptium\jdk-11.0.14.101-hotspot\bin;C:\Windows\system32;C:\Windows;C:\Windows\System32\Wbem;C:\Windows\System32\WindowsPowerShell\v1.0\;C:\Windows\System32\OpenSSH\;C:\Program Files\nodejs\;C:\Program Files\Git\cmd;C:\Users\franc\Downloads\apache-maven-3.9.6\bin;C:\Program Files\Docker\Docker\resources\bin;C:\Program Files\AutoFirma\AutoFirma;C:\UVA\UVA2024-25\PRIMERCUATRIMESTRE\SMOV\practicas\kotlinc\bin;C:\Program Files\MySQL\MySQL Shell 8.0\bin\;C:\Users\franc\AppData\Local\Microsoft\WindowsApps;C:\Program Files\JetBrains\IntelliJ IDEA Community Edition 2021.3.2\bin;;C:\Users\franc\AppData\Local\Programs\Microsoft VS Code\bin;C:\Users\franc\AppData\Roaming\npm;C:\Users\franc\Downloads\apache-maven-3.9.6\bin;
USERNAME=franc
OS=Windows_NT
PROCESSOR_IDENTIFIER=Intel64 Family 6 Model 140 Stepping 1, GenuineIntel
TMP=C:\Users\franc\AppData\Local\Temp
TEMP=C:\Users\franc\AppData\Local\Temp



Periodic native trim disabled

JNI global refs:
JNI global refs: 26, weak refs: 38

JNI global refs memory usage: 843, weak refs: 841

Process memory usage:
Resident Set Size: 383976K (2% of 16411208K total physical memory with 201588K free physical memory)

OOME stack traces (most recent first):
Classloader memory used:
Loader org.gradle.internal.classloader.VisitableURLClassLoader                         : 3813K
Loader bootstrap                                                                       : 2455K
Loader org.gradle.initialization.MixInLegacyTypesClassLoader                           : 749K
Loader org.gradle.internal.classloader.VisitableURLClassLoader                         : 87833B
Loader jdk.internal.loader.ClassLoaders$PlatformClassLoader                            : 67420B
Loader jdk.internal.loader.ClassLoaders$AppClassLoader                                 : 28714B
Loader jdk.internal.reflect.DelegatingClassLoader                                      : 27139B
Loader org.gradle.groovy.scripts.internal.DefaultScriptCompilationHandler$ScriptClassLoader: 8596B
Loader groovy.lang.GroovyClassLoader$InnerLoader                                       : 2450B
Loader org.codehaus.groovy.runtime.callsite.CallSiteClassLoader                        : 876B

Classes loaded by more than one classloader:
Class org.gradle.api.GradleException                                                  : loaded 3 times (x 80B)
Class org.gradle.util.GradleVersion                                                   : loaded 2 times (x 81B)
Class org.gradle.internal.classpath.ClassPath                                         : loaded 2 times (x 68B)
Class org.gradle.api.internal.classpath.DefaultModuleRegistry                         : loaded 2 times (x 84B)
Class org.gradle.internal.exceptions.NonGradleCauseExceptionsHolder                   : loaded 2 times (x 68B)
Class org.gradle.api.Action                                                           : loaded 2 times (x 68B)
Class org.gradle.api.internal.DefaultClassPathProvider                                : loaded 2 times (x 74B)
Class org.gradle.internal.installation.GradleInstallation$1                           : loaded 2 times (x 73B)
Class org.gradle.internal.exceptions.DefaultMultiCauseException                       : loaded 2 times (x 93B)
Class org.gradle.internal.time.MonotonicClock                                         : loaded 2 times (x 75B)
Class org.gradle.internal.classloader.FilteringClassLoader                            : loaded 2 times (x 103B)
Class org.gradle.internal.classpath.DefaultClassPath$ImmutableUniqueList$Builder      : loaded 2 times (x 73B)
Class kotlin.UninitializedPropertyAccessException                                     : loaded 2 times (x 80B)
Class org.gradle.internal.classloader.ClassLoaderVisitor                              : loaded 2 times (x 74B)
Class _BuildScript_                                                                   : loaded 2 times (x 171B)
Class org.gradle.internal.time.DefaultCountdownTimer                                  : loaded 2 times (x 86B)
Class _BuildScript_$_run_closure1                                                     : loaded 2 times (x 130B)
Class org.gradle.internal.service.DefaultServiceLocator                               : loaded 2 times (x 81B)
Class org.gradle.internal.service.UnknownServiceException                             : loaded 2 times (x 81B)
Class org.gradle.internal.classloader.DefaultClassLoaderFactory                       : loaded 2 times (x 80B)
Class org.gradle.internal.classloader.VisitableURLClassLoader$Spec                    : loaded 2 times (x 72B)
Class org.gradle.tooling.model.ProjectModel                                           : loaded 2 times (x 68B)
Class org.gradle.internal.installation.GradleInstallation                             : loaded 2 times (x 73B)
Class org.gradle.api.internal.classpath.ModuleRegistry                                : loaded 2 times (x 68B)
Class org.gradle.api.internal.ClassPathProvider                                       : loaded 2 times (x 68B)
Class org.gradle.internal.classloader.ClasspathUtil$1                                 : loaded 2 times (x 74B)
Class org.gradle.internal.classloader.ClassLoaderFactory                              : loaded 2 times (x 68B)
Class org.gradle.api.internal.classpath.ManifestUtil                                  : loaded 2 times (x 69B)
Class org.gradle.api.specs.Spec                                                       : loaded 2 times (x 68B)
Class kotlin.jvm.internal.Intrinsics                                                  : loaded 2 times (x 69B)
Class org.gradle.internal.IoActions                                                   : loaded 2 times (x 69B)
Class org.gradle.api.internal.classpath.EffectiveClassPath                            : loaded 2 times (x 88B)
Class org.gradle.internal.exceptions.ResolutionProvider                               : loaded 2 times (x 68B)
Class org.gradle.internal.installation.CurrentGradleInstallation                      : loaded 2 times (x 71B)
Class org.gradle.internal.agents.InstrumentingClassLoader                             : loaded 2 times (x 68B)
Class org.gradle.internal.installation.CurrentGradleInstallationLocator               : loaded 2 times (x 69B)
Class org.gradle.api.internal.classpath.Module                                        : loaded 2 times (x 68B)
Class sync_studio_tooling_amzuo5fm5swdewnqa0nxi654x                                   : loaded 2 times (x 177B)
Class sync_studio_tooling_amzuo5fm5swdewnqa0nxi654x$_run_closure1                     : loaded 2 times (x 137B)
Class org.gradle.internal.service.CachingServiceLocator                               : loaded 2 times (x 80B)
Class org.gradle.internal.time.Timer                                                  : loaded 2 times (x 68B)
Class org.gradle.internal.classpath.DefaultClassPath                                  : loaded 2 times (x 88B)
Class org.gradle.internal.time.Time                                                   : loaded 2 times (x 69B)
Class org.gradle.internal.time.TimeSource$1                                           : loaded 2 times (x 75B)
Class kotlin.KotlinNullPointerException                                               : loaded 2 times (x 81B)
Class org.gradle.internal.classloader.SystemClassLoaderSpec                           : loaded 2 times (x 69B)
Class kotlin.Function                                                                 : loaded 2 times (x 68B)
Class org.gradle.api.UncheckedIOException                                             : loaded 2 times (x 80B)
Class org.gradle.internal.time.CountdownTimer                                         : loaded 2 times (x 68B)
Class org.gradle.internal.time.Clock                                                  : loaded 2 times (x 68B)
Class org.gradle.internal.classloader.ClasspathUtil                                   : loaded 2 times (x 69B)
Class org.gradle.api.internal.DefaultClassPathRegistry                                : loaded 2 times (x 74B)
Class org.gradle.api.internal.classpath.DefaultModuleRegistry$DefaultModule           : loaded 2 times (x 84B)
Class org.gradle.internal.time.TimeSource                                             : loaded 2 times (x 68B)
Class org.gradle.api.internal.classpath.UnknownModuleException                        : loaded 2 times (x 80B)
Class org.gradle.internal.service.ServiceLookupException                              : loaded 2 times (x 80B)
Class org.gradle.cache.GlobalCache                                                    : loaded 2 times (x 68B)
Class [Lorg.gradle.api.internal.ClassPathProvider;                                    : loaded 2 times (x 67B)
Class org.gradle.internal.operations.MultipleBuildOperationFailures                   : loaded 2 times (x 93B)
Class org.gradle.util.internal.GUtil                                                  : loaded 2 times (x 69B)
Class org.gradle.internal.classloader.ClassLoaderSpec                                 : loaded 2 times (x 69B)
Class org.gradle.internal.classloader.VisitableURLClassLoader                         : loaded 2 times (x 115B)
Class org.gradle.internal.Cast                                                        : loaded 2 times (x 69B)
Class org.gradle.api.internal.ClassPathRegistry                                       : loaded 2 times (x 68B)
Class org.gradle.internal.classloader.VisitableURLClassLoader$InstrumentingVisitableURLClassLoader: loaded 2 times (x 121B)
Class org.gradle.internal.classloader.ClassLoaderHierarchy                            : loaded 2 times (x 68B)
Class org.gradle.internal.exceptions.MultiCauseException                              : loaded 2 times (x 68B)
Class org.gradle.internal.InternalTransformer                                         : loaded 2 times (x 68B)
Class org.gradle.internal.service.ServiceLocator                                      : loaded 2 times (x 68B)
Class org.gradle.internal.classpath.DefaultClassPath$ImmutableUniqueList              : loaded 2 times (x 159B)
Class org.gradle.internal.time.DefaultTimer                                           : loaded 2 times (x 78B)
Class org.gradle.internal.classpath.TransformedClassPath                              : loaded 2 times (x 94B)


---------------  S Y S T E M  ---------------

OS:
 Windows 10 , 64 bit Build 19041 (10.0.19041.5072)
OS uptime: 2 days 11:31 hours
Hyper-V role detected

CPU: total 8 (initial active 8) (4 cores per cpu, 2 threads per core) family 6 model 140 stepping 1 microcode 0x8a, cx8, cmov, fxsr, ht, mmx, 3dnowpref, sse, sse2, sse3, ssse3, sse4.1, sse4.2, popcnt, lzcnt, tsc, tscinvbit, avx, avx2, aes, erms, clmul, bmi1, bmi2, adx, avx512f, avx512dq, avx512cd, avx512bw, avx512vl, sha, fma, vzeroupper, avx512_vpopcntdq, avx512_vpclmulqdq, avx512_vaes, avx512_vnni, clflush, clflushopt, clwb, avx512_vbmi2, avx512_vbmi, hv
Processor Information for processor 0
  Max Mhz: 2803, Current Mhz: 2803, Mhz Limit: 2803
Processor Information for processor 1
  Max Mhz: 2803, Current Mhz: 1001, Mhz Limit: 2803
Processor Information for processor 2
  Max Mhz: 2803, Current Mhz: 2803, Mhz Limit: 2803
Processor Information for processor 3
  Max Mhz: 2803, Current Mhz: 2803, Mhz Limit: 2803
Processor Information for processor 4
  Max Mhz: 2803, Current Mhz: 2803, Mhz Limit: 2803
Processor Information for processor 5
  Max Mhz: 2803, Current Mhz: 2803, Mhz Limit: 2803
Processor Information for processor 6
  Max Mhz: 2803, Current Mhz: 2803, Mhz Limit: 2803
Processor Information for processor 7
  Max Mhz: 2803, Current Mhz: 2803, Mhz Limit: 2803

Memory: 4k page, system-wide physical 16026M (194M free)
TotalPageFile size 61241M (AvailPageFile size 6M)
current process WorkingSet (physical memory assigned to process): 375M, peak: 375M
current process commit charge ("private bytes"): 411M, peak: 414M

vm_info: OpenJDK 64-Bit Server VM (17.0.11+0--11852314) for windows-amd64 JRE (17.0.11+0--11852314), built on May 16 2024 21:29:20 by "androidbuild" with MS VC++ 16.10 / 16.11 (VS2019)

END.
